[01/05/2020 15:17] /reload config
[01/05/2020 16:58] /reload weapons
[01/05/2020 17:15] /raid gaz
[03/05/2020 15:01] /reload talkactions
[03/05/2020 15:01] /reload talkactions
[03/05/2020 15:02] /reload talkactions
[03/05/2020 15:02] /reload talkactions
[03/05/2020 15:02] /reload talkactions
[03/05/2020 15:09] /reload spells
[03/05/2020 15:20] /reload creaturescripts
[03/05/2020 15:21] /reload creaturescripts
[03/05/2020 15:21] /reload creaturescripts
[03/05/2020 15:21] /reload creaturescripts
[03/05/2020 15:24] /reload creaturescripts
[05/05/2020 16:08] /reload actions
[05/05/2020 16:09] /reload actions
[05/05/2020 16:10] /reload actions
[07/05/2020 14:48] /reload talkactions
[07/05/2020 14:54] /reload actions
[07/05/2020 14:54] /reload talkactions
[07/05/2020 14:56] /reload talkactions
[07/05/2020 14:57] /reload talkactions
[07/05/2020 14:58] /reload talkactions
[07/05/2020 14:58] /reload talkactions
[07/05/2020 14:59] /reload talkactions
[07/05/2020 14:59] /reload talkactions
[07/05/2020 14:59] /reload talkactions
[07/05/2020 14:59] /reload talkactions
[07/05/2020 15:00] /reload talkactions
[07/05/2020 15:03] /reload talkactions
[07/05/2020 15:06] /reload talkactions
[07/05/2020 15:07] /reload talkactions
[07/05/2020 15:08] /reload talkactions
[07/05/2020 15:08] /reload talkactions
[07/05/2020 15:09] /reload talkactions
[07/05/2020 16:19] /reload globalevents
[07/05/2020 16:21] /reload globalevents
[07/05/2020 16:22] /reload globalevents
[07/05/2020 16:26] /reload global
[07/05/2020 16:26] /reload globalevents
[07/05/2020 16:28] /reload globalevents
[07/05/2020 16:29] /reload globalevents
[07/05/2020 16:30] /reload glovalevents
[07/05/2020 16:31] /reload glovalevents
[07/05/2020 16:31] /reload glovalevents
[07/05/2020 16:31] /reload glovalevents
[07/05/2020 16:31] /reload glovalevents
[07/05/2020 16:31] /reload glovalevents
[07/05/2020 16:31] /reload glovalevents
[07/05/2020 16:31] /reload globalevents
[07/05/2020 16:31] /reload globalevents
[07/05/2020 16:31] /reload globalevents
[07/05/2020 16:32] /reload globalevents
[07/05/2020 16:32] /reload globalevents
[07/05/2020 16:33] /reload globalevents
[07/05/2020 16:34] /reload globalevents
[07/05/2020 16:36] /reload globalevents
[07/05/2020 16:37] /reload globalevents
[07/05/2020 16:39] /reload globalevents
[07/05/2020 16:42] /reload globalevents
[07/05/2020 16:42] /reload globalevents
[07/05/2020 16:43] /reload globalevents
[07/05/2020 16:44] /reload globalevents
[07/05/2020 16:44] /reload globalevents
[07/05/2020 16:45] /reload globalevents
[07/05/2020 16:47] /reload globalevents
[07/05/2020 16:47] /reload globalevents
[07/05/2020 16:47] /reload globalevents
[07/05/2020 16:47] /reload globalevents
[07/05/2020 16:47] /reload globalevents
[07/05/2020 16:47] /reload globalevents
[07/05/2020 16:47] /reload globalevents
[07/05/2020 16:47] /reload globalevents
[07/05/2020 16:47] /reload globalevents
[07/05/2020 16:47] /reload globalevents
[07/05/2020 16:47] /reload globalevents
[07/05/2020 16:47] /reload globalevents
[07/05/2020 16:47] /reload globalevents
[07/05/2020 16:47] /reload globalevents
[07/05/2020 16:47] /reload globalevents
[07/05/2020 16:47] /reload globalevents
[07/05/2020 16:47] /reload globalevents
[07/05/2020 16:48] /reload globalevents
[07/05/2020 16:48] /reload globalevents
[07/05/2020 16:48] /reload globalevents
[07/05/2020 16:48] /reload globalevents
[07/05/2020 16:49] /reload globalevents
[07/05/2020 16:49] /reload globalevents
[07/05/2020 16:49] /reload globalevents
[07/05/2020 16:50] /reload globalevents
[07/05/2020 16:50] /reload globalevents
[07/05/2020 16:51] /reload globalevents
[07/05/2020 16:52] /reload globalevents
[07/05/2020 20:00] /reload actions
[07/05/2020 20:01] /reload actions
[07/05/2020 20:02] /reload actions
[07/05/2020 20:03] /reload actions
[07/05/2020 20:03] /reload actions
[07/05/2020 20:05] /reload actions
[09/05/2020 13:41] /reload actions
[09/05/2020 13:42] /reload actions
[09/05/2020 13:42] /reload actions
[09/05/2020 13:43] /reload actions
[09/05/2020 13:45] /reload actions
[09/05/2020 13:48] /reload actions
[09/05/2020 13:49] /reload actions
[09/05/2020 13:51] /reload actions
[09/05/2020 13:52] /reload actions
[09/05/2020 13:57] /reload actions
[09/05/2020 14:02] /reload actions
[09/05/2020 14:03] /reload actions
[09/05/2020 14:20] /reload actions
[09/05/2020 14:28] /reload actions
[09/05/2020 15:12] /reload actions
[09/05/2020 15:12] /reload actions
[09/05/2020 15:13] /reload actions
[09/05/2020 15:15] /reload actions
[09/05/2020 15:18] /reload actions
[09/05/2020 15:19] /reload actions
[09/05/2020 15:19] /reload actions
[09/05/2020 15:19] /reload actions
[09/05/2020 15:22] /reload actions
[09/05/2020 15:22] /reload actions
[09/05/2020 15:24] /reload actions
[09/05/2020 15:25] /reload actions
[09/05/2020 15:37] /reload movemetns
[09/05/2020 15:37] /reload movements
[09/05/2020 15:55] /reload actions
[13/05/2020 14:35] /reload creaturescripts
[13/05/2020 14:36] /reload creaturescripts
[13/05/2020 14:36] /reload creaturescripts
[13/05/2020 14:39] /reload action
[13/05/2020 14:43] /reload creaturescripts
[14/05/2020 21:06] /reload globalevents
[14/05/2020 21:06] /reload globalevents
[14/05/2020 21:08] /reload globalevents
[14/05/2020 21:10] /reload globalevents
[14/05/2020 21:13] /reload globalevents
[14/05/2020 21:20] /reload globalevents
[14/05/2020 21:21] /reload globalevents
[14/05/2020 21:22] /reload globalevents
[14/05/2020 21:28] /reload globalevents
[14/05/2020 21:51] /reload globalevents
[14/05/2020 21:51] /reload globalevents
[14/05/2020 21:57] /reload globalevents
[14/05/2020 22:14] /reload globalevents
[14/05/2020 22:21] /reload movements
[14/05/2020 22:22] /reload globalevents
[14/05/2020 22:22] /reload globalevents
[14/05/2020 22:22] /reload globalevents
[14/05/2020 22:27] /reload globalevents
[14/05/2020 22:32] /reload globalevents
[14/05/2020 22:43] /reload globalevents
[14/05/2020 22:50] /reload globalevents
[14/05/2020 22:51] /reload globalevents
[14/05/2020 22:55] /reload globalevents
[14/05/2020 23:03] /reload globalevents
[14/05/2020 23:07] /reload globalevents
[14/05/2020 23:11] /reload globalevents
[14/05/2020 23:12] /reload globalevents
[14/05/2020 23:19] /reload globalevents
[14/05/2020 23:25] /reload globalevents
[14/05/2020 23:39] /reload globalevents
[14/05/2020 23:45] /reload globalevents
[15/05/2020 14:53] /reload movements
[15/05/2020 14:55] /reload movements
[15/05/2020 14:55] /reload movements
[15/05/2020 14:56] /reload movements
[15/05/2020 14:58] /reload movements
[15/05/2020 15:07] /reload movements
[15/05/2020 19:26] /reload creaturescripts
[15/05/2020 19:28] /reload creaturescripts]
[15/05/2020 19:28] /reload creaturescripts
[15/05/2020 19:28] /reload creaturescripts
[15/05/2020 19:28] /reload creaturescripts
[15/05/2020 19:29] /reload creaturescripts
[15/05/2020 19:30] /reload creaturescripts
[15/05/2020 19:30] /reload creaturescripts
[15/05/2020 19:30] /reload creaturescripts
[15/05/2020 19:34] /reload creaturescripts
[15/05/2020 19:36] /reload creaturescripts
[15/05/2020 19:36] /reload creaturescripts
[15/05/2020 19:36] /reload creaturescripts
[15/05/2020 19:36] /reload creaturescripts
[15/05/2020 19:39] /reload creaturescripts
[15/05/2020 19:41] /reload creaturescripts
[15/05/2020 19:52] /reload creaturescripts
[15/05/2020 19:52] /reload creaturescripts
[15/05/2020 19:55] /reload creaturescripts
[15/05/2020 19:56] /reload creaturescripts
[15/05/2020 19:56] /reload creaturescripts
[15/05/2020 19:56] /reload creaturescripts
[15/05/2020 19:57] /reload creaturescripts
[15/05/2020 20:02] /reload creaturescripts
[15/05/2020 20:02] /reload creaturescripts
[15/05/2020 20:07] /reload creaturescripts
[15/05/2020 20:07] /reload creaturescripts
[15/05/2020 20:07] /reload creaturescripts
[15/05/2020 20:12] /reload creaturescripts
[15/05/2020 20:12] /reload creaturescripts
[15/05/2020 20:12] /reload creaturescripts
[15/05/2020 20:14] /reload creaturescripts
[15/05/2020 20:16] /reload creaturescripts
[15/05/2020 20:16] /reload creaturescripts
[15/05/2020 20:21] /reload creaturescripts
[15/05/2020 20:23] /reload creaturescripts
[15/05/2020 20:25] /reload creaturescripts
[15/05/2020 20:29] /reload creaturescripts
[15/05/2020 20:33] /reload creaturescripts
[15/05/2020 20:34] /reload creaturescripts
[15/05/2020 20:38] /reload creaturescripts
[15/05/2020 20:39] /reload creaturescripts
[15/05/2020 20:40] /reload creaturescripts
[15/05/2020 20:40] /reload creaturescripts
[15/05/2020 20:42] /reload creaturescripts
[15/05/2020 20:42] /reload creaturescripts
[15/05/2020 20:43] /reload creaturescripts
[15/05/2020 20:54] /reload creaturescripts
[15/05/2020 20:54] /reload creaturescripts
[15/05/2020 20:58] /reload creaturescripts
[15/05/2020 21:00] /reload creaturescripts
[15/05/2020 21:03] /reload creaturescripts
[15/05/2020 21:15] /reload creaturescripts
[15/05/2020 21:17] /reload creaturescripts
[15/05/2020 21:22] /reload creaturescripts
[15/05/2020 21:23] /reload creaturescripts
[15/05/2020 21:24] /reload creaturescripts
[15/05/2020 21:25] /reload creaturescripts
[15/05/2020 21:28] /reload creaturescripts
[15/05/2020 21:29] /reload creaturescripts
[15/05/2020 21:31] /reload creaturescripts
[15/05/2020 21:31] /reload creaturescripts
[15/05/2020 21:34] /reload creaturescripts
[15/05/2020 21:38] /reload creaturescripts
[15/05/2020 21:44] /reload npc
[15/05/2020 21:50] /reload movements
[15/05/2020 21:52] /reload npc
[15/05/2020 21:57] /reload npc
[15/05/2020 22:15] /reload npc
[15/05/2020 22:28] /reload actions
[15/05/2020 22:31] /reload npc
[15/05/2020 22:40] /reload movements
[15/05/2020 22:41] /reload movements
[15/05/2020 22:58] /reload movements
[15/05/2020 23:18] /reload movements
[15/05/2020 23:19] /reload movements
[15/05/2020 23:20] /reload movements
[15/05/2020 23:25] /reload movements
[15/05/2020 23:50] /reload movements
[15/05/2020 23:53] /reload movements
[16/05/2020 00:22] /reload npc
[16/05/2020 00:23] /reload movements
[16/05/2020 00:25] /reload movements
[16/05/2020 00:28] /reload movements
[16/05/2020 00:30] /reload movements
[16/05/2020 00:33] /reload movements
[16/05/2020 00:34] /reload movements
[16/05/2020 00:40] /reload movements
[16/05/2020 00:42] /reload movements
[16/05/2020 00:43] /reload movements
[16/05/2020 00:44] /reload movements
[16/05/2020 00:44] /reload movements
[16/05/2020 00:44] /reload movements
[16/05/2020 00:44] /reload movements
[16/05/2020 00:48] /reload movements
[16/05/2020 00:48] /reload movements
[16/05/2020 11:52] /reload actions
[16/05/2020 11:54] /reload actions
[16/05/2020 11:54] /reload actions
[16/05/2020 11:54] /reload actions
[16/05/2020 11:55] /reload actions
[16/05/2020 11:55] /reload actions
[16/05/2020 12:01] /reload actions
[16/05/2020 12:03] /reload actions
[16/05/2020 12:03] /reload actions
[16/05/2020 12:03] /reload actions
[16/05/2020 12:04] /reload actions
[16/05/2020 12:05] /reload actions
[16/05/2020 12:05] /reload actions
[16/05/2020 12:30] /reload map
[16/05/2020 12:30] /reload world
[16/05/2020 12:30] /reload word
[16/05/2020 13:31] /reload config
[16/05/2020 13:31] /reload creaturescripts
[16/05/2020 13:34] /reload creaturescripts
[16/05/2020 13:34] /reload creaturescripts
[16/05/2020 13:38] /reload creaturescripts
[16/05/2020 13:41] /reload creaturescripts
[16/05/2020 13:48] /reload creaturescripts
[16/05/2020 13:48] /reload npc
[16/05/2020 13:51] /reload creaturescripts
[16/05/2020 13:54] /reload npc
[16/05/2020 13:54] /reload creaturescripts
[16/05/2020 14:19] /reload creaturescripts
[16/05/2020 14:19] /reload creaturescripts
[16/05/2020 14:51] /reload creaturescripts
[16/05/2020 14:51] /reload creaturescripts
[16/05/2020 14:51] /reload creaturescripts
[16/05/2020 14:51] /reload creaturescripts
[16/05/2020 15:05] /reload actions
[16/05/2020 15:12] /reload actions
[16/05/2020 15:46] /reload actions
[16/05/2020 15:51] /reload talkactions
[16/05/2020 15:54] /reload talkactions
[16/05/2020 16:02] /reload talkactions
[16/05/2020 16:03] /reload creaturescripts
[16/05/2020 16:04] /reload creaturescripts
[16/05/2020 16:06] /reload config
[16/05/2020 16:07] /reload config
[16/05/2020 16:07] /reload config
[16/05/2020 16:07] /reload config
[16/05/2020 16:36] /reload config
[16/05/2020 16:36] /reload config
[16/05/2020 16:36] /reload config
[16/05/2020 16:36] /reload config
[16/05/2020 16:37] /reload config
[16/05/2020 16:37] /reload config
[16/05/2020 16:55] /reload config
[16/05/2020 16:57] /reload config
[16/05/2020 16:58] /reload config
[16/05/2020 16:58] /reload config
[16/05/2020 16:58] /reload config
[16/05/2020 16:59] /reload config
[16/05/2020 17:10] /reload config
[16/05/2020 17:10] /reload config
[16/05/2020 17:36] /reload config
[16/05/2020 17:47] /reload events
[16/05/2020 17:58] /reload creaturescripts
[16/05/2020 17:58] /reload creaturescripts
[16/05/2020 18:04] /reload creaturescripts
[16/05/2020 18:05] /reload creaturescripts
[16/05/2020 18:08] /reload creaturescripts
[16/05/2020 18:12] /reload creaturescripts
[16/05/2020 18:12] /reload creaturescripts
[16/05/2020 18:15] /reload creaturescripts
[16/05/2020 18:15] /reload creaturescripts
[16/05/2020 19:48] /reload confg
[16/05/2020 19:48] /reload config
[16/05/2020 19:48] /reload config
[16/05/2020 19:48] /reload config
[16/05/2020 19:49] /reload config
[16/05/2020 19:49] /reload config
[16/05/2020 19:49] /reload config
[16/05/2020 19:50] /reload config
[16/05/2020 19:50] /reload config
[16/05/2020 19:50] /reload config
[16/05/2020 19:50] /reload config
[16/05/2020 19:51] /reload config
[16/05/2020 19:51] /reload config
[16/05/2020 19:51] /reload config
[16/05/2020 20:05] /reload config
[16/05/2020 20:05] /reload config
[16/05/2020 20:07] /reload config
[16/05/2020 20:10] /reload config
[16/05/2020 20:11] /reload config
[16/05/2020 21:08] /reload talkactions
[16/05/2020 23:51] /reload talkactions
[16/05/2020 23:51] /reload config
[17/05/2020 00:11] /reload config
[17/05/2020 00:12] /reload talkactions
[17/05/2020 00:12] /reload config
[17/05/2020 00:12] /reload config
[17/05/2020 00:22] /reload config
[17/05/2020 00:23] /reload config
[17/05/2020 00:23] /reload config
[17/05/2020 01:12] /reload config
[17/05/2020 01:19] /reload talkactions
[17/05/2020 01:21] /reload talkactions
[17/05/2020 01:31] /reload creaturescripts
[17/05/2020 01:31] /reload creaturescripts
[17/05/2020 01:32] /reload config
[17/05/2020 01:32] /reload creaturescripts
[17/05/2020 01:34] /reload creaturescripts
[17/05/2020 01:35] /reload creaturescripts
[17/05/2020 01:35] /reload talkactions
[17/05/2020 01:35] /reload creaturescripts
[17/05/2020 01:38] /reload talkactions
[17/05/2020 02:00] /reload talkactions
[17/05/2020 02:03] /reload talkactions
[17/05/2020 02:04] /reload talkactions
[17/05/2020 02:04] /reload creaturescripts
[17/05/2020 02:04] /reload creaturescripts
[17/05/2020 02:05] /reload config
[17/05/2020 02:14] /reload creaturescripts
[17/05/2020 02:14] /reload creaturescripts
[17/05/2020 02:14] /reload config
[17/05/2020 02:21] /reload talkactions
[17/05/2020 02:22] /reload config
[17/05/2020 02:23] /reload config
[17/05/2020 02:24] /reload config
[17/05/2020 02:26] /reload creaturescripts
[17/05/2020 02:34] /reload config
[17/05/2020 02:34] /reload config
[17/05/2020 02:34] /reload config
[17/05/2020 02:41] /reload config
[17/05/2020 02:41] /reload creaturescripts
[17/05/2020 02:41] /reload config
[17/05/2020 02:42] /reload creaturescripts
[17/05/2020 02:43] /reload creaturescripts
[17/05/2020 02:43] /reload creaturescripts
[17/05/2020 02:43] /reload creaturescripts
[17/05/2020 02:43] /reload creaturescripts
[17/05/2020 02:44] /reload creaturescripts
[17/05/2020 02:44] /reload creaturescripts
[17/05/2020 02:44] /reload creaturescripts
[17/05/2020 02:46] /reload creaturescripts
[17/05/2020 02:49] /reload creaturescripts
[17/05/2020 02:50] /reload creaturescripts
[17/05/2020 02:50] /reload talkactions
[17/05/2020 02:50] /reload talkactions
[17/05/2020 02:50] /reload config
[17/05/2020 02:50] /reload creaturescripts
[17/05/2020 03:01] /reload config
[17/05/2020 03:02] /reload config
[17/05/2020 03:03] /reload config
[17/05/2020 03:04] /reload config
[17/05/2020 03:10] /reload creaturescripts
[17/05/2020 03:10] /reload config
[17/05/2020 13:17] /reload creaturescripts
[18/05/2020 12:33] /reload creaturescripts
[18/05/2020 12:35] /reload talkactions
[18/05/2020 12:37] /reload talkactions
[18/05/2020 12:37] /reload talkactions
[18/05/2020 12:37] /reload talkactions
[18/05/2020 12:37] /reload talkactions
[20/05/2020 13:39] /reload globalevents
[20/05/2020 13:40] /reload actions
[20/05/2020 13:40] /reload globalevents
[20/05/2020 13:44] /reload globalevents
[20/05/2020 13:46] /reload globalevents
[20/05/2020 13:47] /reload globalevents
[20/05/2020 13:51] /reload globalevents
[20/05/2020 13:52] /reload globalevents
[20/05/2020 13:52] /reload globalevents
[20/05/2020 13:52] /reload globalevents
[20/05/2020 13:52] /reload glovalevents
[20/05/2020 13:52] /reload glovalevents
[20/05/2020 13:52] /reload globalevents
[20/05/2020 13:53] /reload globalevents
[21/05/2020 12:59] /reload npcs
[21/05/2020 13:06] /reload npc
[21/05/2020 13:07] /reload npc
[21/05/2020 13:08] /reload npc
[21/05/2020 13:09] /reload npc
[21/05/2020 13:09] /reload npc
[21/05/2020 13:10] /reload npc
[21/05/2020 13:11] /reload npc
[21/05/2020 13:13] /reload movements
[21/05/2020 18:05] /reload creaturescripts
[21/05/2020 18:05] /reload creaturescripts
[21/05/2020 18:05] /reload creaturescripts
[21/05/2020 22:25] /reload actions
[21/05/2020 22:26] /reload actions
[21/05/2020 22:28] /reload actions
[22/05/2020 16:24] /reload globalevents
[22/05/2020 16:26] /reload globalevents
[22/05/2020 19:01] /reload globalevents
[22/05/2020 19:07] /reload globalevents
[22/05/2020 19:47] /reload talkactions
[22/05/2020 19:49] /reload talkactions
[22/05/2020 19:51] /reload talkactions
[22/05/2020 19:51] /reload talkactions
[22/05/2020 19:52] /reload talkactions
[22/05/2020 19:53] /reload talkactions
[22/05/2020 19:57] /reload talkactions
[22/05/2020 19:57] /reload talkactions
[22/05/2020 19:57] /reload talkactions
[22/05/2020 19:58] /reload talkactions
[22/05/2020 22:19] /reload globalevents
[22/05/2020 22:20] /reload globalevents
[22/05/2020 22:20] /reload globalevents
[22/05/2020 22:26] /reload globalevents
[22/05/2020 22:26] /reload globalevents
[22/05/2020 22:37] /reload creaturescripts
[22/05/2020 22:40] /reload creaturescripts
[22/05/2020 22:44] /reload creaturescripts
[22/05/2020 22:44] /reload creaturescripts
[22/05/2020 22:47] /reload creaturescripts
[22/05/2020 22:47] /reload creaturescripts
[22/05/2020 22:47] /reload creaturescripts
[22/05/2020 22:49] /reload creaturescripts
[22/05/2020 22:49] /reload creaturescripts
[22/05/2020 22:50] /reload creaturescripts
[22/05/2020 22:50] /reload creaturescripts
[22/05/2020 23:07] /reload creaturescripts
[22/05/2020 23:09] /reload creaturescripts
[22/05/2020 23:11] /reload creaturescripts
[22/05/2020 23:13] /reload creaturescripts
[23/05/2020 14:29] /reload creaturescripts
[24/05/2020 14:24] /reload movements
[24/05/2020 14:35] /reload movements
[24/05/2020 16:32] /reload movements
[24/05/2020 16:41] /reload movements
[24/05/2020 16:49] /reload movements
[24/05/2020 17:06] /reload weapons
[24/05/2020 17:13] /reload movements
[24/05/2020 18:58] /reload movements
[24/05/2020 18:59] /reload movements
[24/05/2020 22:00] /reload talkactions
[24/05/2020 22:03] /reload creaturescripts
[24/05/2020 22:16] /reload spells
[24/05/2020 22:19] /reload spells
[24/05/2020 22:20] /reload spells
[24/05/2020 22:20] /reload spells
[24/05/2020 22:20] /reload spells
[24/05/2020 22:21] /reload spells
[24/05/2020 22:21] /reload spells
[24/05/2020 22:21] /reload spells
[24/05/2020 22:23] /reload spells
[24/05/2020 22:23] /reload spells
[24/05/2020 22:25] /reload spells
[24/05/2020 22:25] /reload spells
[24/05/2020 22:26] /reload spells
[24/05/2020 22:26] /reload spells
[24/05/2020 22:27] /reload spells
[24/05/2020 22:38] /reload spells
[24/05/2020 22:45] /reload spells
[24/05/2020 22:45] /reload spells
[24/05/2020 22:49] /reload spells
[24/05/2020 22:49] /reload spells
[24/05/2020 22:49] /reload spells
[24/05/2020 22:50] /reload spells
[24/05/2020 22:50] /reload spells
[24/05/2020 22:52] /reload spells
[24/05/2020 22:52] /reload spells
[24/05/2020 22:53] /reload spells
[24/05/2020 23:08] /reload spells
[24/05/2020 23:09] /reload spells
[24/05/2020 23:09] /reload spells
[24/05/2020 23:09] /reload spells
[24/05/2020 23:12] /reload creaturescripts
[24/05/2020 23:12] /reload spells
[24/05/2020 23:12] /reload spells
[24/05/2020 23:12] /reload spells
[24/05/2020 23:13] /reload spells
[24/05/2020 23:14] /reload spells
[24/05/2020 23:16] /reload spells
[24/05/2020 23:21] /reload spells
[24/05/2020 23:24] /reload spells
[24/05/2020 23:44] /reload actions
[24/05/2020 23:49] /reload actions
[24/05/2020 23:49] /reload actions
[24/05/2020 23:53] /reload config
[25/05/2020 00:34] /reload spells
[25/05/2020 00:49] /reload creaturescripts
[25/05/2020 00:49] /reload creaturescripts
[25/05/2020 00:51] /raid ferumbras
[25/05/2020 01:40] /reload globalevents
[25/05/2020 02:25] /reload actions
[25/05/2020 02:25] /reload actions
[25/05/2020 02:26] /reload actions
[25/05/2020 02:26] /reload actions
[25/05/2020 13:44] /reload weapons
[25/05/2020 16:14] /reload config
[25/05/2020 16:32] /reload spells
[25/05/2020 16:33] /reload creaturescripts
[25/05/2020 16:38] /reload config
[25/05/2020 16:38] /reload creaturescripts
[25/05/2020 16:59] /reload actions
[25/05/2020 17:43] /reload global
[25/05/2020 17:43] /reload actions
[25/05/2020 17:44] /reload global
[25/05/2020 17:44] /reload actions
[25/05/2020 17:45] /reload actions
[25/05/2020 17:49] /reload actions
[25/05/2020 17:50] /reload global
[25/05/2020 17:50] /reload actions
[25/05/2020 17:51] /reload actions
[25/05/2020 17:54] /reload actions
[25/05/2020 18:12] /reload global
[25/05/2020 18:13] /reload actions
[25/05/2020 18:26] /reload actions
[25/05/2020 18:35] /reload actions
[25/05/2020 18:59] /reload creaturescripts
[25/05/2020 18:59] /reload creaturescripts
[25/05/2020 19:19] /reload actions
[25/05/2020 19:21] /reload actions
[25/05/2020 19:22] /reload actions
[25/05/2020 19:23] /reload actions
[25/05/2020 19:23] /reload actions
[25/05/2020 19:39] /reload actionjs
[25/05/2020 19:39] /reload actions
[25/05/2020 19:40] /reload actions
[25/05/2020 19:46] /reload actions
[25/05/2020 19:49] /reload actions
[25/05/2020 22:38] /reload actions
[25/05/2020 22:39] /reload actions
[25/05/2020 22:39] /reload actions
[25/05/2020 22:39] /reload actions
[25/05/2020 22:43] /reload actions
[25/05/2020 22:43] /reload actions
[25/05/2020 22:44] /reload actions
[25/05/2020 22:45] /reload actions
[25/05/2020 22:47] /reload actions
[25/05/2020 22:47] /reload actions
[25/05/2020 22:48] /reload actions
[25/05/2020 22:48] /reload actions
[25/05/2020 22:49] /reload actions
[25/05/2020 23:17] /reload actions
[25/05/2020 23:56] /reload spells
[26/05/2020 14:12] /reload npc
[26/05/2020 14:40] /reload actions
[26/05/2020 15:26] /reload movements
[26/05/2020 16:01] /reload creaturescripts
[26/05/2020 16:02] /reload creaturescripts
[26/05/2020 16:03] /reload creaturescripts
[26/05/2020 16:08] /reload actions
[26/05/2020 16:09] /reload actions
[26/05/2020 16:09] /reload actions
[26/05/2020 16:10] /reload actions
[26/05/2020 16:25] /reload actions
[26/05/2020 16:26] /reload actions
[26/05/2020 16:32] /reload actions
[26/05/2020 17:52] /reload talkacttions
[26/05/2020 17:53] /reload talkactions
[26/05/2020 17:53] /reload talkactions
[26/05/2020 17:54] /reload talkactions
[26/05/2020 17:56] /reload config
[26/05/2020 18:24] /reload creaturescripts
[26/05/2020 19:06] /reload movements
[26/05/2020 19:08] /reload movements
[26/05/2020 19:17] /reload movements
[26/05/2020 21:26] /reload actions
[26/05/2020 21:26] /reload talkactions
[26/05/2020 21:27] /reload talkactions
[26/05/2020 22:14] /reload movements
[26/05/2020 22:50] /reload weapons
[26/05/2020 22:51] /reload weapons
[29/05/2020 10:57] /reload actions
[29/05/2020 11:00] /reload actions
[29/05/2020 11:00] /reload actions
[29/05/2020 11:01] /reload actions
[29/05/2020 11:02] /reload monster
[29/05/2020 11:02] /reload monsters
[29/05/2020 12:46] /reload config
[29/05/2020 12:46] /reload config
[30/05/2020 10:27] /reload npc
[30/05/2020 12:35] /reload talkactions
[30/05/2020 15:47] /reload spells
[30/05/2020 16:32] /raid ferumbras
[30/05/2020 17:03] /reload actions
[30/05/2020 19:43] /reload creaturescripts
[30/05/2020 20:41] /reload creaturescripts
[30/05/2020 20:45] /reload creaturescripts
[31/05/2020 00:09] /raid ferumbras
[31/05/2020 00:33] /reload creaturescripts
[31/05/2020 01:21] /reload npc
[31/05/2020 01:24] /reload npc
[31/05/2020 13:12] /reload creaturescritps
[31/05/2020 13:12] /reload creaturescripts
[31/05/2020 13:55] /reload globalevents
[31/05/2020 13:55] /reload config
[31/05/2020 13:57] /reload globalevents
[31/05/2020 13:59] /reload globalevents
[31/05/2020 13:59] /reload globalevents
[31/05/2020 14:00] /reload globalevents
[31/05/2020 14:32] /reload movements
[31/05/2020 15:13] /reload monster
[31/05/2020 15:16] /reload monster
[31/05/2020 15:27] /reload monster
[31/05/2020 15:30] /reload monster
[31/05/2020 15:32] /reload monster
[31/05/2020 16:09] /reload monster
[31/05/2020 16:16] /reload monster
[31/05/2020 16:20] /reload monster
[31/05/2020 16:26] /reload monster
[31/05/2020 18:35] /raid gaz
[31/05/2020 18:56] /reload movements
[31/05/2020 18:58] /reload movements
[31/05/2020 18:59] /reload movements
[31/05/2020 19:00] /reload movements
[31/05/2020 19:01] /reload movements
[31/05/2020 19:01] /reload movements
[31/05/2020 19:02] /reload movements
[31/05/2020 19:03] /reload movements
[31/05/2020 19:03] /reload movements
[31/05/2020 19:04] /reload movements
[31/05/2020 19:12] /reload movements
[31/05/2020 19:16] /reload creaturescripts
[31/05/2020 19:18] /reload creaturescripts
[31/05/2020 19:19] /reload creaturescripts
[31/05/2020 19:22] /reload movements
[31/05/2020 19:24] /reload movements
[31/05/2020 19:24] /reload movements
[31/05/2020 19:24] /reload movements
[31/05/2020 19:25] /reload movements
[31/05/2020 19:25] /reload movements
[31/05/2020 19:26] /reload movements
[31/05/2020 19:27] /reload movements
[31/05/2020 19:27] /reload movements
[31/05/2020 19:35] /reload creaturescripts
[31/05/2020 19:36] /reload creaturescripts
[31/05/2020 19:47] /reload movements
[31/05/2020 19:49] /reload actions
[31/05/2020 19:55] /reload movements
[31/05/2020 19:55] /reload weapons
[31/05/2020 19:57] /reload movements
[31/05/2020 19:59] /reload movements
[31/05/2020 19:59] /reload movements
[31/05/2020 20:01] /reload movements
[31/05/2020 20:21] /reload movements
[31/05/2020 20:24] /reload movements
[31/05/2020 20:25] /reload movements
[31/05/2020 20:25] /reload movements
[31/05/2020 20:35] /reload config
[31/05/2020 20:36] /reload config
[01/06/2020 11:59] /reload spells
[01/06/2020 15:31] /reload talkactions
[01/06/2020 15:33] /reload talkactions
[01/06/2020 15:42] /reload talkactions
[01/06/2020 15:44] /reload talkactions
[01/06/2020 15:46] /reload talkactions
[01/06/2020 15:49] /reload talkactions
[01/06/2020 15:49] /reload talkactions
[01/06/2020 15:50] /reload talkactions
[01/06/2020 15:50] /reload talkactions
[01/06/2020 16:03] /reload talkactions
[01/06/2020 16:05] /reload talkactions
[01/06/2020 16:05] /reload talkactions
[01/06/2020 16:07] /reload talkactions
[01/06/2020 16:09] /reload talkactions
[01/06/2020 16:09] /reload talkactions
[01/06/2020 19:29] /reload npc
[01/06/2020 21:59] /reload spells
[01/06/2020 22:08] /reload movements
[03/06/2020 13:08] /reload npcs
[03/06/2020 13:19] /reload weapons
[03/06/2020 15:13] /raid gaz
[03/06/2020 16:55] /reload talkactions
[03/06/2020 17:17] /reload monster
[04/06/2020 14:37] /reload config
[04/06/2020 14:39] /reload config
[04/09/2020 17:17] /reload actions
[04/09/2020 17:21] /reload actions
[04/09/2020 17:21] /reload action
[04/09/2020 17:47] /reload actions
[04/09/2020 18:26] /reload monster
[04/09/2020 18:27] /reload monster
[04/09/2020 18:29] /reload monster
[04/09/2020 18:32] /reload monster
[04/09/2020 19:49] /reload weapons
[04/09/2020 19:50] /reload weapons
[04/09/2020 20:40] /raid gaz
[04/09/2020 21:09] /reload globalevents
[04/09/2020 21:09] /reload globalevents
[04/09/2020 21:23] /raid ferumbras
[05/09/2020 10:54] /raid ferumbras
[05/09/2020 16:20] /reload creaturescripts
[05/09/2020 16:22] /reload creaturescripts
[05/09/2020 16:37] /reload creaturescripts
[05/09/2020 16:40] /reload creaturescripts
[05/09/2020 16:40] /reload creaturescripts
[05/09/2020 16:55] /reload creaturescripts
[05/09/2020 16:55] /reload creaturescripts
[05/09/2020 16:55] /reload creaturescripts
[05/09/2020 16:56] /reload creaturescripts
[05/09/2020 16:56] /reload creaturescripts
[05/09/2020 16:56] /reload creaturescripts
[05/09/2020 16:58] /reload creaturescripts
[05/09/2020 17:17] /reload creaturescripts
[05/09/2020 17:19] /reload creaturescripts
[05/09/2020 17:19] /reload creaturescripts
[05/09/2020 17:21] /reload creaturescripts
[05/09/2020 17:23] /reload creaturescripts
[05/09/2020 17:31] /reload creaturescripts
[05/09/2020 17:32] /reload creaturescripts
[05/09/2020 17:32] /reload creaturescripts
[05/09/2020 17:32] /reload creaturescripts
[05/09/2020 17:33] /reload creaturescripts
[05/09/2020 17:33] /reload creaturescripts
[05/09/2020 17:33] /reload creaturescripts
[05/09/2020 17:33] /reload creaturescripts
[05/09/2020 17:33] /reload creaturescripts
[05/09/2020 17:33] /reload creaturescripts
[05/09/2020 17:34] /reload creaturescripts
[05/09/2020 17:39] /reload creaturescripts
[05/09/2020 17:39] /reload creaturescripts
[05/09/2020 17:40] /reload creaturescripts
[05/09/2020 17:48] /reload creaturescripts
[05/09/2020 17:48] /reload creaturescripts
[05/09/2020 17:48] /reload creaturescripts
[05/09/2020 17:48] /reload creaturescripts
[05/09/2020 17:49] /reload creaturescripts
[05/09/2020 17:49] /reload creaturescripts
[05/09/2020 17:49] /reload creaturescripts
[05/09/2020 18:02] /reload creaturescripts
[05/09/2020 20:35] /reload actions
[05/09/2020 20:59] /reload actions
[05/09/2020 20:59] /reload actions
[05/09/2020 22:59] /reload spells
[06/09/2020 00:21] /reload creaturescripts
[06/09/2020 00:21] /reload creaturescripts
[06/09/2020 00:21] /reload creaturescripts
[06/09/2020 00:24] /reload creaturescripts
[06/09/2020 00:24] /reload creaturescripts
[06/09/2020 00:25] /reload creaturescripts
[06/09/2020 00:25] /reload creaturescripts
[06/09/2020 00:25] /reload monster
[06/09/2020 00:25] /reload monster
[06/09/2020 00:26] /reload monster
[06/09/2020 00:26] /reload creaturescripts
[06/09/2020 00:29] /reload actions
[06/09/2020 00:29] /reload creaturescripts
[06/09/2020 00:40] /reload actions
[06/09/2020 00:40] /reload actions
[06/09/2020 00:41] /reload actions
[06/09/2020 00:41] /reload actions
[06/09/2020 00:46] /reload actions
[06/09/2020 00:47] /reload actions
[06/09/2020 00:49] /reload actions
[06/09/2020 00:50] /reload condifg
[06/09/2020 00:50] /reload config
[06/09/2020 09:38] /reload weapons
[06/09/2020 09:38] /reload weapons
[06/09/2020 09:38] /reload weapons
[06/09/2020 10:01] /reload config
[06/09/2020 10:02] /reload config
[06/09/2020 10:05] /reload config
[06/09/2020 10:05] /reload config
[06/09/2020 10:07] /reload config
[06/09/2020 10:07] /reload config
[06/09/2020 10:08] /reload config
[06/09/2020 10:38] /reload config
[06/09/2020 10:47] /reload config
[06/09/2020 10:59] /reload spells
[06/09/2020 10:59] /reload spells
[06/09/2020 11:02] /reload condif
[06/09/2020 11:02] /reload config
[06/09/2020 11:16] /reload config
[06/09/2020 11:45] /reload actions
[06/09/2020 11:45] /reload npcs
[06/09/2020 11:45] /reload npcs
[06/09/2020 11:46] /reload npcs
[06/09/2020 11:47] /reload npcs
[06/09/2020 11:48] /reload npcs
[06/09/2020 11:49] /reload npcs
[06/09/2020 11:50] /reload npcs
[06/09/2020 11:53] /reload npc
[06/09/2020 11:55] /reload npc
[06/09/2020 12:06] /reload actions
[06/09/2020 12:06] /reload movements
[06/09/2020 12:07] /reload movements
[06/09/2020 12:07] /reload movements
[06/09/2020 12:08] /reload movements
[06/09/2020 12:09] /reload movements
[06/09/2020 12:09] /reload movements
[06/09/2020 12:09] /reload movements
[06/09/2020 12:09] /reload npcs
[06/09/2020 12:10] /reload npcs
[06/09/2020 12:11] /reload npcs
[06/09/2020 12:16] /reload movements
[06/09/2020 12:16] /reload movements
[06/09/2020 12:19] /reload movements
[06/09/2020 12:25] /reload movemetns
[06/09/2020 12:25] /reload movements
[06/09/2020 12:26] /reload movements
[06/09/2020 12:28] /reload movements
[06/09/2020 12:28] /reload movements
[06/09/2020 12:30] /reload movements
[06/09/2020 12:30] /reload npcs
[06/09/2020 12:31] /reload npcs
[06/09/2020 12:33] /reload npcs
[06/09/2020 12:34] /reload npcs
[06/09/2020 12:34] /reload movements
[06/09/2020 12:34] /reload movements
[06/09/2020 12:34] /reload npcs
[06/09/2020 12:35] /reload npcs
[06/09/2020 12:36] /reload npcs
[06/09/2020 12:36] /reload movements
[06/09/2020 12:36] /reload movements
[06/09/2020 12:37] /reload movements
[06/09/2020 12:38] /reload movements
[06/09/2020 12:38] /reload npcs
[06/09/2020 12:38] /reload npcs
[06/09/2020 12:40] /reload npcs
[06/09/2020 12:40] /reload movements
[06/09/2020 12:41] /reload movements
[06/09/2020 12:41] /reload movements
[06/09/2020 12:42] /reload npcs
[06/09/2020 12:42] /reload movements
[06/09/2020 12:42] /reload movements
[06/09/2020 12:42] /reload npcs
[06/09/2020 12:43] /reload movements
[06/09/2020 12:43] /reload npcs
[06/09/2020 12:47] /reload npcs
[06/09/2020 12:50] /reload npcs
[06/09/2020 12:51] /reload npcs
[06/09/2020 12:51] /reload npcs
[06/09/2020 12:52] /reload npcs
[06/09/2020 12:56] /reload actions
[06/09/2020 12:57] /reload actions
[06/09/2020 13:12] /reload monster
[06/09/2020 13:19] /reload monster
[06/09/2020 13:23] /reload monster
[06/09/2020 13:26] /reload monster
[06/09/2020 13:26] /reload config
[06/09/2020 13:28] /reload monster
[06/09/2020 13:33] /reload monster
[06/09/2020 13:52] /reload spells
[06/09/2020 17:02] /reload weapons
[06/09/2020 17:03] /reload weapons
[06/09/2020 17:04] /reload weapons
[06/09/2020 17:06] /reload weapons
[06/09/2020 17:07] /reload weapons
[06/09/2020 17:08] /reload weapons
[06/09/2020 17:08] /reload weapons
[06/09/2020 17:09] /reload weapons
[06/09/2020 17:09] /reload weapons
[06/09/2020 17:10] /reload weapons
[06/09/2020 17:11] /reload weapons
[06/09/2020 17:12] /reload weapons
[06/09/2020 17:13] /reload weapons
[06/09/2020 17:13] /reload weapons
[06/09/2020 17:56] /reload spells
[06/09/2020 18:25] /reload creaturescripts
[06/09/2020 18:26] /reload creaturescripts
[06/09/2020 18:57] /reload creaturescripts
[06/09/2020 19:02] /reload creaturescripts
[06/09/2020 19:02] /reload creaturescripts
[06/09/2020 19:03] /reload creaturescripts
[06/09/2020 19:03] /reload creaturescripts
[06/09/2020 19:03] /reload creaturescripts
[06/09/2020 19:04] /reload creaturescripts
[06/09/2020 19:04] /reload creaturescripts
[06/09/2020 19:05] /reload creaturescripts
[06/09/2020 19:11] /reload creaturescripts
[06/09/2020 19:11] /reload creaturescripts
[06/09/2020 19:12] /reload creaturescripts
[06/09/2020 19:13] /reload creaturescripts
[06/09/2020 19:14] /reload creaturescripts
[06/09/2020 19:14] /reload creaturescripts
[06/09/2020 19:14] /reload creaturescripts
[06/09/2020 19:16] /reload creaturescripts
[06/09/2020 19:17] /reload creaturescripts
[06/09/2020 19:17] /reload creaturescripts
[06/09/2020 19:18] /reload creaturescripts
[06/09/2020 19:19] /reload creaturescripts
[06/09/2020 19:19] /reload creaturescripts
[06/09/2020 19:20] /reload creaturescripts
[06/09/2020 19:20] /reload creaturescripts
[06/09/2020 19:21] /reload creaturescripts
[06/09/2020 19:22] /reload creaturescripts
[06/09/2020 21:37] /reload events
[07/09/2020 00:39] /reload condif
[07/09/2020 00:39] /reload condig
[07/09/2020 00:39] /reload config
[07/09/2020 00:40] /reload config
[07/09/2020 00:40] /reload config
[07/09/2020 12:23] /reload monster
[07/09/2020 12:24] /reload monster
[07/09/2020 13:30] /reload movements
[07/09/2020 13:30] /reload events
[07/09/2020 14:09] /reload spells
[07/09/2020 14:48] /raid ferumbras
[07/09/2020 15:07] /raid gaz
[11/09/2020 18:27] /raid ferumbras
[12/09/2020 13:32] /reload talkactions
[12/09/2020 13:33] /reload talkactions
[12/09/2020 13:36] /reload talkactions
[12/09/2020 13:37] /reload talkactions
[12/09/2020 13:38] /reload talkactions
[12/09/2020 13:57] /reload talkactions
[12/09/2020 14:33] /reload config
[12/09/2020 14:39] /reload talklactions
[12/09/2020 14:39] /reload talkactions
[12/09/2020 14:41] /reload talkactions
[12/09/2020 14:42] /reload talkactions
[12/09/2020 14:42] /reload talkactions
[12/09/2020 14:42] /reload talkactions
[12/09/2020 14:43] /reload talkactions
[12/09/2020 14:44] /reload talkactions
[12/09/2020 14:45] /reload talkactions
[12/09/2020 14:45] /reload talkactions
[12/09/2020 14:45] /reload talkactions
[12/09/2020 14:49] /reload talkactions
[12/09/2020 14:49] /reload talkactions
[12/09/2020 14:49] /reload talkactions
[12/09/2020 14:49] /reload talkactions
[12/09/2020 14:59] /reload talkactions
[12/09/2020 14:59] /reload talkactions
[12/09/2020 15:01] /reload talkactions
[12/09/2020 15:02] /reload talkactions
[12/09/2020 15:02] /reload talkactions
[12/09/2020 15:02] /reload talkactions
[12/09/2020 15:02] /reload talkactions
[12/09/2020 15:03] /reload talkactions
[12/09/2020 15:04] /reload talkactions
[12/09/2020 15:04] /reload talkactions
[12/09/2020 15:04] /reload talkactions
[12/09/2020 15:04] /reload talkactions
[12/09/2020 15:05] /reload talkactions
[12/09/2020 15:05] /reload talkactions
[12/09/2020 15:05] /reload talkactions
[12/09/2020 15:06] /reload talkactions
[12/09/2020 15:06] /reload talkactions
[12/09/2020 15:06] /reload talkactions
[12/09/2020 15:06] /reload talkactions
[12/09/2020 15:07] /reload talkactions
[12/09/2020 15:10] /reload talkactions
[12/09/2020 15:11] /reload talkactions
[12/09/2020 15:13] /reload talkactions
[12/09/2020 15:17] /reload talkactions
[12/09/2020 15:25] /reload talkactions
[12/09/2020 15:25] /reload talkactions
[12/09/2020 15:25] /reload talkactions
[12/09/2020 15:25] /reload talkactions
[12/09/2020 15:25] /reload talkactions
[12/09/2020 15:25] /reload talkactions
[12/09/2020 15:25] /reload talkactions
[12/09/2020 15:25] /reload talkactions
[12/09/2020 15:25] /reload talkactions
[12/09/2020 15:26] /reload talkactions
[12/09/2020 15:26] /reload talkactions
[12/09/2020 15:28] /reload talkactions
[12/09/2020 15:28] /reload talkactions
[12/09/2020 15:29] /reload talkactions
[12/09/2020 15:29] /reload talkactions
[12/09/2020 15:32] /reload talkactions
[12/09/2020 15:32] /reload talkactions
[12/09/2020 15:34] /reload talkactions
[12/09/2020 15:35] /reload talkactions
[12/09/2020 15:35] /reload talkactions
[12/09/2020 15:36] /reload talkactions
[12/09/2020 15:37] /reload talkactions
[12/09/2020 15:45] /reload talkactions
[12/09/2020 15:48] /reload talkactions
[12/09/2020 15:52] /reload talkactions
[12/09/2020 16:45] /reload spells
[12/09/2020 16:45] /reload talkactions
[12/09/2020 16:45] /reload spells
[12/09/2020 16:59] /reload spells
[12/09/2020 17:02] /reload spells
[12/09/2020 17:11] /reload spells
[12/09/2020 17:12] /reload spells
[12/09/2020 17:13] /reload spells
[12/09/2020 17:13] /reload spells
[12/09/2020 17:29] /reload spells
[12/09/2020 17:29] /reload spells
[12/09/2020 17:31] /reload spells
[12/09/2020 17:31] /reload spells
[12/09/2020 17:32] /reload spells
[12/09/2020 17:33] /reload spells
[12/09/2020 17:33] /reload spells
[12/09/2020 17:33] /reload spells
[12/09/2020 17:33] /reload spells
[12/09/2020 17:37] /reload spells
[12/09/2020 17:38] /reload spells
[12/09/2020 17:40] /reload spells
[12/09/2020 17:40] /reload spells
[12/09/2020 17:43] /reload spells
[12/09/2020 17:43] /reload spells
[12/09/2020 17:44] /reload spells
[12/09/2020 17:44] /reload spells
[12/09/2020 17:44] /reload spells
[12/09/2020 17:44] /reload spells
[12/09/2020 17:44] /reload spells
[12/09/2020 17:45] /reload spells
[12/09/2020 17:46] /reload spells
[12/09/2020 18:03] /reload creaturescripts
[12/09/2020 18:03] /reload creaturescripts
[12/09/2020 18:06] /reload creaturescripts
[12/09/2020 18:06] /reload creaturescripts
[12/09/2020 18:07] /reload creaturescripts
[12/09/2020 18:07] /reload creaturescripts
[12/09/2020 18:08] /reload creaturescripts
[12/09/2020 18:08] /reload creaturescripts
[12/09/2020 18:08] /reload creaturescripts
[12/09/2020 18:18] /reload creaturescripts
[15/09/2020 19:16] /reload talkactions
[15/09/2020 19:17] /reload talkactions
[15/09/2020 22:33] /reload creaturescripts
[15/09/2020 22:34] /reload creaturescripts
[16/09/2020 20:45] /reload creaturescripts
[16/09/2020 22:15] /reload creaturescripts
[16/09/2020 22:17] /reload creaturescripts
[16/09/2020 22:17] /reload talakctions
[16/09/2020 22:18] /reload creaturescripts
[16/09/2020 22:18] /reload talakctions
[16/09/2020 22:18] /reload talkactions
[16/09/2020 22:32] /reload creaturescripts
[16/09/2020 22:34] /reload talkactions
[16/09/2020 22:34] /reload creaturescripts
[16/09/2020 22:35] /reload creaturescripts
[16/09/2020 22:37] /reload creaturescripts
[16/09/2020 22:41] /reload creaturescripts
[16/09/2020 22:41] /reload creaturescripts
[16/09/2020 22:46] /reload talkactions
[16/09/2020 22:46] /reload creaturescripts
[16/09/2020 22:48] /reload creaturescripts
[16/09/2020 22:48] /reload creaturescripts
[16/09/2020 22:49] /reload talkactions
[16/09/2020 22:49] /reload talkactions
[16/09/2020 22:49] /reload creaturescripts
[16/09/2020 22:49] /reload creaturescripts
[16/09/2020 22:50] /reload creaturescripts
[16/09/2020 22:53] /reload creaturescripts
[16/09/2020 22:59] /reload creaturescripts
[16/09/2020 23:07] /reload creaturescripts
[16/09/2020 23:10] /reload creaturescripts
[16/09/2020 23:24] /reload creaturescripts
[20/09/2020 09:26] /reload creaturescripts
[20/09/2020 09:26] /reload creaturescripts
[20/09/2020 09:27] /reload creaturescripts
[20/09/2020 09:47] /reload creaturescripts
[20/09/2020 09:48] /reload creaturescripts
[20/09/2020 09:49] /reload creaturescripts
[20/09/2020 09:52] /reload creaturescripts
[21/09/2020 13:57] /reload actions
[21/09/2020 13:58] /reload actions
[21/09/2020 14:06] /reload actions
[21/09/2020 14:08] /reload actions
[21/09/2020 14:11] /reload actions
[21/09/2020 14:22] /reload actions
[07/10/2020 18:13] /reload globalevents
[07/10/2020 18:14] /reload globalevents
[07/10/2020 18:14] /reload globalevents
[07/10/2020 18:14] /reload globalevents
[07/10/2020 18:15] /reload globalevents
[07/10/2020 18:15] /reload globalevents
[07/10/2020 18:15] /reload globalevents
[07/10/2020 18:15] /reload globalevents
[07/10/2020 18:24] /reload globalevents
[07/10/2020 18:28] /reload globalevents
[08/10/2020 16:27] /reload config
[08/10/2020 17:01] /reload monster
[08/10/2020 17:19] /reload actions
[08/10/2020 17:20] /reload actions
[08/10/2020 17:20] /reload action
[08/10/2020 17:24] /reload actions
[08/10/2020 17:34] /reload config
[08/10/2020 17:38] /raid gaz'haragoth
[08/10/2020 17:38] /raid Gaz'haragoth
[08/10/2020 17:39] /raid Gaz'haragoth
[08/10/2020 17:39] /raid Orshabaal
[08/10/2020 17:40] /raid Morgaroth
[08/10/2020 17:44] /raid Morgaroth
[08/10/2020 17:48] /raid ferumbras
[08/10/2020 17:48] /raid ferumbras
[08/10/2020 17:52] /raid ferumbras
[08/10/2020 17:56] /raid Gaz'Haragoth
[08/10/2020 17:56] /reload config
[08/10/2020 17:56] /raid Gaz'Haragoth
[08/10/2020 17:57] /raid Gaz'Haragoth
[08/10/2020 17:57] /raid gaz
[08/10/2020 18:05] /reload config
[08/10/2020 18:06] /reload config
[08/10/2020 18:24] /raid oberon
[08/10/2020 18:24] /raid Grand Master Oberon
[10/10/2020 09:45] /reload spells
[10/10/2020 09:48] /reload spells
[10/10/2020 09:48] /reload spells
[10/10/2020 09:48] /reload spells
[10/10/2020 09:49] /reload spells
[10/10/2020 09:49] /reload spells
[10/10/2020 09:51] /reload spells
[10/10/2020 09:51] /reload spells
[10/10/2020 09:52] /reload spells
[10/10/2020 09:52] /reload spells
[10/10/2020 09:52] /reload spells
[10/10/2020 09:53] /reload spells
[10/10/2020 09:54] /reload spells
[10/10/2020 09:54] /reload spells
[10/10/2020 09:54] /reload spells
[10/10/2020 09:55] /reload spells
[10/10/2020 09:56] /reload spells
[10/10/2020 10:29] /reload eventws
[10/10/2020 10:30] /reload events
[10/10/2020 10:42] /reload movements
[10/10/2020 10:44] /reload movements
[10/10/2020 10:44] /reload movements
[10/10/2020 10:47] /reload actions
[10/10/2020 10:49] /reload actions
[10/10/2020 10:53] /reload events
[10/10/2020 10:54] /reload events
[10/10/2020 10:55] /reload events
[10/10/2020 10:56] /reload events
[10/10/2020 12:51] /reload events
[10/10/2020 12:55] /reload actions
[10/10/2020 12:56] /reload events
[10/10/2020 12:57] /reload actions
[10/10/2020 12:58] /reload actions
[10/10/2020 13:03] /reload actions
[10/10/2020 13:03] /reload actions
[10/10/2020 13:04] /reload actions
[10/10/2020 13:04] /reload actions
[10/10/2020 13:07] /reload actions
[10/10/2020 13:07] /reload actions
[10/10/2020 13:07] /reload actions
[10/10/2020 13:08] /reload actions
[10/10/2020 13:16] /reload actions
[10/10/2020 13:16] /reload talkactions
[10/10/2020 13:17] /reload talkactions
[10/10/2020 13:17] /reload talkactions
[10/10/2020 13:18] /reload talkactions
[10/10/2020 13:18] /reload talkactions
[10/10/2020 13:20] /reload talkactions
[10/10/2020 13:21] /reload talkactions
[10/10/2020 13:22] /reload talkactions
[10/10/2020 13:22] /reload talkactions
[10/10/2020 13:22] /reload talkactions
[10/10/2020 13:23] /reload talkactions
[10/10/2020 13:23] /reload talkactions
[10/10/2020 13:27] /reload talkactions
[10/10/2020 13:28] /reload talkactions
[10/10/2020 13:28] /reload actions
[10/10/2020 13:28] /reload actions
[10/10/2020 17:32] /reload config
[10/10/2020 17:32] /reload config
[10/10/2020 17:34] /reload config
[10/10/2020 17:34] /reload creaturescripts
[10/10/2020 17:37] /reload creaturescripts
[10/10/2020 17:40] /reload creaturescripts
[10/10/2020 17:48] /reload creaturescripts
[10/10/2020 17:49] /reload creaturescripts
[10/10/2020 17:49] /reload creaturescripts
[10/10/2020 17:52] /reload spells
[10/10/2020 17:52] /reload spells
[10/10/2020 17:56] /reload spells
[10/10/2020 17:59] /reload spells
[10/10/2020 18:01] /reload spells
[10/10/2020 18:01] /reload spells
[10/10/2020 18:49] /reload config
[10/10/2020 19:27] /reload config
[10/10/2020 19:28] /reload config
[10/10/2020 19:35] /reload config
[10/10/2020 21:19] /reload movements
[10/10/2020 22:50] /reload movements
[10/10/2020 22:59] /reload movements
[10/10/2020 22:59] /reload movements
[11/10/2020 01:00] /reload talkations
[11/10/2020 01:00] /reload talkactions
[11/10/2020 01:00] /reload talkactions
[11/10/2020 01:01] /reload talkactions
[11/10/2020 01:01] /reload talkactions
[11/10/2020 01:17] /reload actions
[11/10/2020 01:20] /reload npcs
[11/10/2020 01:21] /reload npcs
[11/10/2020 01:21] /reload npcs
[11/10/2020 01:21] /reload npcs
[11/10/2020 01:23] /reload config
[11/10/2020 01:35] /reload creaturescripts
[11/10/2020 01:37] /reload creaturescripts
[11/10/2020 01:38] /reload creaturescripts
[11/10/2020 01:38] /reload creaturescripts
[11/10/2020 01:39] /reload creaturescripts
[11/10/2020 01:40] /reload creaturescripts
[11/10/2020 01:43] /reload creaturescripts
[11/10/2020 01:45] /reload creaturescripts
[11/10/2020 02:06] /reload npcs
[11/10/2020 02:08] /reload npcs
[11/10/2020 02:09] /reload npcs
[11/10/2020 02:11] /reload npcs
[11/10/2020 02:25] /reload npcs
[11/10/2020 02:26] /reload npcs
[11/10/2020 02:29] /reload npcs
[11/10/2020 02:40] /reload npcs
[11/10/2020 02:41] /reload npcs
[11/10/2020 02:42] /reload npcs
[11/10/2020 02:43] /reload npcs
[11/10/2020 02:44] /reload npcs
[11/10/2020 02:46] /reload npcs
[11/10/2020 02:54] /reload actions
[11/10/2020 02:55] /reload actions
[11/10/2020 02:56] /reload actions
[11/10/2020 02:56] /reload actions
[11/10/2020 02:57] /reload actions
[11/10/2020 02:57] /reload actions
[11/10/2020 02:59] /reload actions
[11/10/2020 03:00] /reload actions
[11/10/2020 03:00] /reload actions
[11/10/2020 03:02] /reload actions
[11/10/2020 03:05] /reload actions
[11/10/2020 03:06] /reload actions
[11/10/2020 03:07] /reload actions
[11/10/2020 03:07] /reload actions
[11/10/2020 03:08] /reload actions
[11/10/2020 03:08] /reload actions
[11/10/2020 03:08] /reload actions
[11/10/2020 03:08] /reload actions
[11/10/2020 03:09] /reload actions
[11/10/2020 03:10] /reload actions
[11/10/2020 03:13] /reload actions
[11/10/2020 03:14] /reload actions
[11/10/2020 03:14] /reload actions
[11/10/2020 03:15] /reload actions
[11/10/2020 03:16] /reload actions
[11/10/2020 03:17] /reload actions
[11/10/2020 03:18] /reload actions
[11/10/2020 03:19] /reload actions
[11/10/2020 10:00] /reload config
[11/10/2020 10:00] /reload config
[11/10/2020 10:19] /reload configf
[11/10/2020 10:19] /reload config
[11/10/2020 10:19] /reload config
[11/10/2020 10:21] /reload config
[11/10/2020 10:28] /reload creaturescripts
[11/10/2020 12:20] /reload monsters
[11/10/2020 12:30] /reload config
[11/10/2020 12:31] /raid gaz
[11/10/2020 12:33] /reload globalevents
[11/10/2020 12:44] /reload globalevents
[11/10/2020 13:44] /reload config
[11/10/2020 13:45] /reload config
[11/10/2020 13:47] /reload config
[11/10/2020 13:47] /reload config
[11/10/2020 13:50] /reload config
[11/10/2020 13:57] /reload creaturescripts
[11/10/2020 14:10] /reload spells
[11/10/2020 14:33] /reload config
[11/10/2020 14:34] /reload config
[11/10/2020 15:04] /reload config
[11/10/2020 15:05] /reload config
[11/10/2020 17:24] /reload actions
[11/10/2020 17:42] /reload actions
[11/10/2020 17:44] /reload actions
[11/10/2020 17:44] /reload actions
[11/10/2020 17:45] /reload actions
[11/10/2020 17:45] /reload actions
[11/10/2020 17:47] /reload actions
[11/10/2020 17:47] /reload actions
[11/10/2020 17:49] /reload actions
[11/10/2020 17:50] /reload actions
[11/10/2020 17:51] /reload actions
[11/10/2020 17:51] /reload actions
[11/10/2020 17:52] /reload actions
[11/10/2020 17:53] /reload actions
[11/10/2020 17:53] /reload actions
[11/10/2020 17:54] /reload actions
[11/10/2020 17:56] /reload actions
[11/10/2020 17:56] /reload actions
[11/10/2020 17:59] /reload actions
[11/10/2020 17:59] /reload actions
[11/10/2020 18:00] /reload actions
[11/10/2020 18:01] /reload actions
[11/10/2020 18:02] /reload actions
[11/10/2020 18:03] /reload actions
[11/10/2020 18:03] /reload actions
[11/10/2020 18:10] /reload actions
[11/10/2020 21:17] /reload globalevents
[12/10/2020 11:55] /reload monster
[12/10/2020 12:11] /reload monster
[12/10/2020 12:42] /reload actions
[12/10/2020 12:52] /reload monster
[12/10/2020 12:53] /reload monster
[12/10/2020 12:55] /reload monster
[12/10/2020 13:05] /reload monster
[12/10/2020 13:20] /reload creaturescripts
[12/10/2020 13:22] /reload creaturescripts
[12/10/2020 13:24] /reload creaturescripts
[12/10/2020 13:26] /reload creaturescripts
[12/10/2020 13:29] /reload creaturescripts
[12/10/2020 13:29] /reload creaturescripts
[12/10/2020 13:29] /reload creaturescripts
[12/10/2020 13:29] /reload creaturescripts
[12/10/2020 13:33] /reload creaturescripts
[12/10/2020 13:35] /reload creaturescripts
[12/10/2020 13:35] /reload creaturescripts
[12/10/2020 13:35] /reload creaturescripts
[12/10/2020 13:36] /reload creaturescripts
[12/10/2020 13:36] /reload creaturescripts
[12/10/2020 13:44] /reload creaturescripts
[12/10/2020 17:19] /reload monster
[12/10/2020 17:24] /reload monster
[12/10/2020 17:27] /reload config
[12/10/2020 23:40] /reload config
[13/10/2020 00:27] /raid ferumbras
[14/10/2020 00:09] /reload creaturescripts
[14/10/2020 00:19] /reload creaturescripts
