[20/11/2021 13:31] /reload monster
[23/11/2021 10:19] /reload monster
[23/11/2021 10:22] /reload monster
[23/11/2021 10:24] /reload monster
[23/11/2021 10:25] /reload monster
[23/11/2021 10:27] /reload monster
[23/11/2021 10:28] /reload monster
[23/11/2021 10:30] /reload monster
[23/11/2021 10:31] /reload monster
[23/11/2021 10:31] /reload monster
[23/11/2021 10:39] /reload monster
[23/11/2021 11:03] /reload monster
[23/11/2021 11:04] /reload monster
[23/11/2021 11:08] /reload monster
[23/11/2021 11:10] /reload monster
[23/11/2021 11:14] /reload monster
[23/11/2021 11:17] /reload monster
[23/11/2021 11:20] /reload items
[23/11/2021 11:20] /reload monster
[23/11/2021 11:23] /reload monster
[23/11/2021 11:24] /reload monster
[23/11/2021 11:25] /reload monster
[23/11/2021 11:28] /reload monster
[23/11/2021 11:55] /reload script
[23/11/2021 11:55] /reload scripts
[23/11/2021 11:55] /reload scripts
[23/11/2021 11:55] /reload script
[23/11/2021 18:34] /reload scripts
[23/11/2021 18:34] /reload global
[23/11/2021 19:06] /reload actions
[23/11/2021 19:08] /reload actions
[23/11/2021 19:09] /reload actions
[23/11/2021 19:13] /reload actions
[23/11/2021 19:15] /reload actions
[23/11/2021 19:24] /reload actions
[23/11/2021 19:33] /reload actions
[23/11/2021 19:51] /reload movements
[23/11/2021 20:09] /reload creaturescript
[23/11/2021 20:12] /reload creaturescript
[23/11/2021 20:26] /reload creaturescript
[23/11/2021 20:49] /reload actions
[23/11/2021 20:50] /reload actions
[23/11/2021 20:54] /reload actions
[23/11/2021 20:54] /reload actions
[23/11/2021 20:55] /reload actions
[23/11/2021 20:57] /reload actions
[23/11/2021 21:05] /reload action
[23/11/2021 21:05] /reload actions
[23/11/2021 21:18] /reload items
[24/11/2021 17:48] /reload items
[24/11/2021 17:51] /reload items
[24/11/2021 17:54] /reload spells
[24/11/2021 18:55] /reload spells
[24/11/2021 21:59] /reload movements
[26/11/2021 17:40] /reload actions
[26/11/2021 17:42] /reload actions
[26/11/2021 17:44] /reload actions
[26/11/2021 17:45] /reload actions
[26/11/2021 17:45] /reload actions
[26/11/2021 17:45] /reload actions
[26/11/2021 17:45] /reload actions
[26/11/2021 17:45] /reload actions
[27/11/2021 00:00] /reload actions
[27/11/2021 00:00] /reload actions
[27/11/2021 00:03] /reload ACTIONS
[27/11/2021 00:05] /reload moviment
[27/11/2021 00:05] /reload moviments
[27/11/2021 00:05] /reload movements
[27/11/2021 00:08] /reload actiopns
[27/11/2021 00:08] /reload actions
[27/11/2021 00:11] /reload actions
[27/11/2021 00:12] /reload actions
[27/11/2021 00:13] /reload actions
[27/11/2021 00:16] /reload actions
[27/11/2021 09:22] /reload globalevents
[27/11/2021 14:58] /reload npc
[27/11/2021 14:58] /reload npc
[27/11/2021 15:01] /reload npc
[27/11/2021 15:02] /reload npc
[27/11/2021 15:04] /reload npc
[27/11/2021 15:06] /reload npc
[27/11/2021 15:23] /reload npc
[27/11/2021 15:24] /reload npc
[27/11/2021 15:26] /reload npc
[27/11/2021 15:36] /reload npc
[27/11/2021 15:38] /reload npc
[27/11/2021 15:39] /reload noc
[27/11/2021 15:40] /reload npc
[27/11/2021 15:45] /reload npc
[27/11/2021 16:17] /reload npc
[27/11/2021 18:32] /reload npc
[27/11/2021 18:36] /reload npc
[27/11/2021 18:40] /reload npc
[27/11/2021 18:41] /reload npc
[27/11/2021 22:42] /reload npc
[27/11/2021 22:43] /reload npc
[27/11/2021 22:44] /reload npc
[27/11/2021 22:45] /reload npc
[27/11/2021 22:46] /reload npc
[27/11/2021 23:02] /reload npc
[27/11/2021 23:17] /reload npc
