[16/03/2020 00:34] /reload events
[16/03/2020 00:35] /reload events
[16/03/2020 14:02] /reload npc
[16/03/2020 14:13] /reload cresturescripts
[16/03/2020 14:13] /reload creaturescripts
[16/03/2020 14:13] /reload events
[16/03/2020 14:17] /reload events
[16/03/2020 14:18] /reload events
[16/03/2020 14:19] /reload events
[16/03/2020 14:20] /reload config
[16/03/2020 14:28] /reload events
[16/03/2020 15:13] /reload config
[16/03/2020 15:55] /reload npc
[16/03/2020 16:12] /reload npc
[16/03/2020 16:14] /reload npc
[16/03/2020 16:17] /reload npc
[16/03/2020 16:20] /reload npc
[16/03/2020 16:25] /reload npc]
[16/03/2020 16:25] /reload npc
[16/03/2020 16:27] /reload npc
[16/03/2020 16:37] /reload npcs
[16/03/2020 16:38] /reload npcs
[16/03/2020 16:38] /reload npcs
[16/03/2020 16:39] /reload npcs
[16/03/2020 16:39] /reload npc
[16/03/2020 16:40] /reload npc
[16/03/2020 16:40] /reload npc
[16/03/2020 16:41] /reload npc
[16/03/2020 16:54] /reload npc
[16/03/2020 16:55] /reload npc
[16/03/2020 16:55] /reload npc
[16/03/2020 16:59] /reload npc
[16/03/2020 17:22] /reload movements
[16/03/2020 17:23] /reload movements
[16/03/2020 17:23] /reload movements
[16/03/2020 17:23] /reload movements
[16/03/2020 17:24] /reload movements
[16/03/2020 17:25] /reload movements
[16/03/2020 17:25] /reload movements
[16/03/2020 17:26] /reload movements
[16/03/2020 18:46] /reload movements
[16/03/2020 18:48] /reload word
[16/03/2020 18:48] /reload world]
[16/03/2020 18:48] /reload world
[16/03/2020 18:48] /reload world
[16/03/2020 18:48] /reload world]
[16/03/2020 18:55] /reload weapons
[16/03/2020 18:57] /reload weapons
[16/03/2020 18:58] /reload lib
[16/03/2020 18:58] /reload spells
[16/03/2020 19:04] /reload movements
[16/03/2020 20:29] /reload npc
[16/03/2020 20:30] /reload npc
[16/03/2020 21:25] /reload global
[16/03/2020 21:54] /reload movements
[16/03/2020 21:58] /reload actions
[16/03/2020 21:58] /reload actions
[16/03/2020 21:58] /reload actions
[16/03/2020 22:16] /reload creaturescript
[16/03/2020 22:19] /reload creaturescript
[16/03/2020 22:20] /reload creaturescript
[16/03/2020 22:20] /reload creaturescript
[16/03/2020 22:21] /reload creaturescript
[16/03/2020 22:24] /reload creaturescripts
[17/03/2020 17:15] /reload creaturescripts
[17/03/2020 17:17] /reload creaturescripts
[17/03/2020 17:17] /reload creaturescripts
[17/03/2020 17:18] /reload creaturescripts
[17/03/2020 17:19] /reload creaturescripts
[17/03/2020 17:22] /reload creaturescripts
[17/03/2020 17:22] /reload creaturescripts
[17/03/2020 17:26] /reload creaturescripts
[17/03/2020 17:26] /reload creaturescripts
[17/03/2020 17:26] /reload creaturescripts
[17/03/2020 17:27] /reload creaturescripts
[17/03/2020 17:29] /reload creaturescripts
[17/03/2020 17:31] /reload creaturescripts
[17/03/2020 17:35] /reload creaturescripts
[17/03/2020 17:36] /reload creaturescripts
[17/03/2020 17:37] /reload creaturescripts
[17/03/2020 17:41] /reload creaturescripts
[17/03/2020 17:43] /reload creaturescripts
[17/03/2020 17:46] /reload creaturescripts
[17/03/2020 17:51] /reload creaturescripts
[17/03/2020 17:52] /reload creaturescripts
[17/03/2020 17:54] /reload creaturescripts
[17/03/2020 17:56] /reload creaturescripts
[17/03/2020 17:57] /reload creaturescripts
[17/03/2020 17:58] /reload creaturescripts
[17/03/2020 18:07] /reload actions]
[17/03/2020 18:07] /reload actions
[17/03/2020 18:07] /reload actions
[17/03/2020 18:14] /reload actions
[17/03/2020 18:17] /reload global
[17/03/2020 18:18] /reload global
[17/03/2020 18:21] /reload global
[17/03/2020 18:22] /reload actions
[17/03/2020 18:23] /reload global
[17/03/2020 18:25] /reload actions
[17/03/2020 18:26] /reload actions
[17/03/2020 18:27] /reload actions
[17/03/2020 18:27] /reload actions
[17/03/2020 18:29] /reload actions
[17/03/2020 18:29] /reload global
[17/03/2020 18:38] /reload global
[17/03/2020 18:39] /reload global
[17/03/2020 18:39] /reload global
[17/03/2020 18:42] /reload global
[17/03/2020 18:43] /reload global
[17/03/2020 18:43] /reload global
[17/03/2020 18:48] /reload global
[17/03/2020 18:49] /reload global
[17/03/2020 18:50] /reload global
[17/03/2020 18:51] /reload global
[17/03/2020 18:51] /reload global
[17/03/2020 18:53] /reload actions
[17/03/2020 18:53] /reload actions
[17/03/2020 18:54] /reload actions
[17/03/2020 18:59] /reload global
[17/03/2020 19:19] /reload actions
[17/03/2020 19:19] /reload actions
[17/03/2020 19:20] /reload actions
[17/03/2020 19:22] /reload actions
[17/03/2020 19:22] /reload actions
[17/03/2020 19:22] /reload actions
[17/03/2020 19:25] /reload actions
[17/03/2020 19:26] /reload actions
[17/03/2020 19:26] /reload actions
[17/03/2020 19:27] /reload actions
[17/03/2020 19:27] /reload actions
[17/03/2020 19:27] /reload actions
[17/03/2020 19:28] /reload actions
[17/03/2020 19:28] /reload actions
[17/03/2020 19:29] /reload actions
[17/03/2020 19:29] /reload actions
[17/03/2020 19:30] /reload actions
[17/03/2020 19:30] /reload actions
[17/03/2020 19:30] /reload actions
[17/03/2020 19:31] /reload actions
[17/03/2020 19:31] /reload actions
[17/03/2020 19:32] /reload actions
[17/03/2020 19:33] /reload actions
[17/03/2020 19:36] /reload actions
[17/03/2020 19:37] /reload actions
