[17/03/2020 21:30] /reload actions
[17/03/2020 21:40] /reload creaturescripts
[17/03/2020 21:40] /reload actions
[17/03/2020 21:40] /reload actions
[17/03/2020 21:41] /reload actions
[18/03/2020 15:08] /reload npc
[18/03/2020 15:10] /reload npc
[18/03/2020 15:10] /reload npc
[18/03/2020 15:10] /reload npc
[18/03/2020 15:11] /reload npc
[18/03/2020 16:03] /reload creaturescripts
[18/03/2020 16:04] /reload creaturescripts
[18/03/2020 16:44] /reload movements
[18/03/2020 16:54] /reload movements
[18/03/2020 16:54] /reload movements
[18/03/2020 17:00] /reload actions
[18/03/2020 17:07] /reload actions
[18/03/2020 17:45] /reload creaturescripts
[18/03/2020 18:12] /reload spells
[18/03/2020 18:16] /reload spells
[18/03/2020 18:21] /reload spells
[18/03/2020 18:22] /reload spells
[18/03/2020 18:23] /reload spells
[18/03/2020 18:24] /reload spells
[18/03/2020 18:24] /reload monster
[18/03/2020 18:25] /reload monster]
[18/03/2020 18:25] /reload monster
[18/03/2020 18:25] /reload spells
[18/03/2020 18:26] /reload spells
[18/03/2020 18:26] /reload monster
[18/03/2020 18:26] /reload monster
[18/03/2020 18:35] /reload creaturescripts
[18/03/2020 18:36] /reload creaturescripts
[18/03/2020 18:37] /reload creaturescripts
[18/03/2020 18:38] /reload creaturescripts
[18/03/2020 19:02] /reload actions
[18/03/2020 19:45] /reload movements
[18/03/2020 19:46] /reload movements
[18/03/2020 19:48] /reload movements
[18/03/2020 19:49] /reload movements
[18/03/2020 19:49] /reload movements
[18/03/2020 19:52] /reload movements
[19/03/2020 21:12] /reload global
[19/03/2020 21:14] /reload actions
[19/03/2020 21:18] /reload global
[19/03/2020 21:31] /reload global
[19/03/2020 21:31] /reload actions
[19/03/2020 21:33] /reload actions
[19/03/2020 21:33] /reload global
[19/03/2020 21:33] /reload global
[19/03/2020 21:33] /reload global
[19/03/2020 22:50] /reload global
[19/03/2020 22:52] /reload global
[19/03/2020 22:52] /reload global
[19/03/2020 22:52] /reload global
[19/03/2020 22:53] /reload global
[19/03/2020 22:53] /reload global
[19/03/2020 22:54] /reload global
[19/03/2020 22:55] /reload global
[19/03/2020 22:55] /reload global
[19/03/2020 22:56] /reload global
[19/03/2020 23:05] /reload actions
[19/03/2020 23:07] /reload actions
[19/03/2020 23:07] /reload actions
[19/03/2020 23:07] /reload global
[19/03/2020 23:09] /reload actions
[19/03/2020 23:09] /reload actions
[19/03/2020 23:26] /reload actions
[19/03/2020 23:26] /reload actions
[19/03/2020 23:34] /reload actions
[19/03/2020 23:34] /reload actions
[19/03/2020 23:34] /reload movements
[19/03/2020 23:35] /reload actions
[20/03/2020 00:05] /reload actionsa
[20/03/2020 00:06] /reload actionsa
[20/03/2020 00:06] /reload actions
[20/03/2020 00:13] /reload actions
[20/03/2020 00:14] /reload actions
[20/03/2020 10:04] /reload actions
[20/03/2020 10:16] /reload creaturescripts
[20/03/2020 10:17] /reload creaturescripts
[20/03/2020 10:17] /reload creaturescripts
[20/03/2020 10:25] /reload actions
[20/03/2020 10:26] /reload actions
[20/03/2020 10:27] /reload actions
[20/03/2020 10:28] /reload monster
[20/03/2020 10:29] /reload actions
[20/03/2020 10:29] /reload monster
[20/03/2020 10:29] /reload monster
[20/03/2020 10:29] /reload actions
[20/03/2020 10:31] /reload actions
[20/03/2020 10:32] /reload actions
[20/03/2020 10:32] /reload actions
[20/03/2020 10:42] /reload actions
[20/03/2020 10:43] /reload actions
[20/03/2020 11:38] /reload actions
[20/03/2020 11:38] /reload actions
[20/03/2020 11:39] /reload actions
[20/03/2020 11:41] /reload actions
[20/03/2020 11:42] /reload actions
[20/03/2020 11:42] /reload actions
[20/03/2020 11:42] /reload actions
[20/03/2020 11:47] /reload actions
[20/03/2020 11:48] /reload actions
[20/03/2020 11:49] /reload actions
[20/03/2020 11:50] /reload actions
[20/03/2020 11:51] /reload actions
[20/03/2020 11:51] /reload actions
[20/03/2020 11:53] /reload actions
[20/03/2020 11:54] /reload actions
[20/03/2020 11:54] /reload actions
[20/03/2020 11:56] /reload actions]
[20/03/2020 11:56] /reload actions
[20/03/2020 11:57] /reload actions
[20/03/2020 12:27] /reload creaturescripts
[20/03/2020 12:27] /reload creaturescripts
[20/03/2020 12:28] /reload actions
[20/03/2020 12:28] /reload actions
[20/03/2020 12:31] /reload actions
[20/03/2020 12:31] /reload creaturescripts
[20/03/2020 12:32] /reload creaturescripts
[20/03/2020 12:32] /reload actions
[20/03/2020 12:32] /reload actions
[20/03/2020 12:34] /reload actions
[20/03/2020 12:49] /reload actions
[20/03/2020 12:49] /reload actions
[20/03/2020 12:59] /reload actions
[20/03/2020 13:01] /reload actions
[20/03/2020 13:02] /reload actions
[20/03/2020 13:03] /reload actions
[20/03/2020 13:04] /reload actions
[20/03/2020 13:11] /reload actions
[20/03/2020 14:39] /reload actions
[20/03/2020 14:39] /reload actions
[20/03/2020 14:39] /reload monster
[20/03/2020 14:39] /reload movements
[20/03/2020 15:29] /reload actions
[20/03/2020 15:29] /reload actions
[20/03/2020 15:30] /reload actions
[20/03/2020 15:31] /reload actions
[20/03/2020 15:31] /reload actions
[20/03/2020 15:32] /reload creaturescript
[20/03/2020 15:32] /reload creaturescript
[20/03/2020 15:32] /reload creaturescript
[20/03/2020 15:33] /reload creaturescripts
[20/03/2020 15:34] /reload lib
[20/03/2020 15:34] /reload libs
[20/03/2020 15:35] /reload actions
[20/03/2020 17:53] /reload creaturescripts
[20/03/2020 17:58] /reload creaturescripts
[21/03/2020 15:12] /reload movements
[21/03/2020 15:12] /reload movements
[21/03/2020 15:12] /reload movements
[21/03/2020 15:14] /reload creaturescripts
[21/03/2020 15:15] /reload creaturescripts
[21/03/2020 15:15] /reload movements
[21/03/2020 15:16] /reload movements
[21/03/2020 15:17] /reload movements
[21/03/2020 15:18] /reload movements
[21/03/2020 15:18] /reload movements
[21/03/2020 15:18] /reload movements
[21/03/2020 15:19] /reload movements
[21/03/2020 15:19] /reload movements
[21/03/2020 15:19] /reload creaturescripts
[21/03/2020 15:20] /reload creaturescripts
[21/03/2020 15:20] /reload movements
[21/03/2020 15:21] /reload movements
[21/03/2020 15:22] /reload movements
[21/03/2020 15:22] /reload movements
[21/03/2020 15:22] /reload movements
[21/03/2020 15:23] /reload movements
[21/03/2020 15:23] /reload actions
[21/03/2020 15:23] /reload actions
[21/03/2020 15:23] /reload actions
[21/03/2020 15:23] /reload actions
[21/03/2020 15:24] /reload actions
[21/03/2020 15:25] /reload actions
[21/03/2020 15:25] /reload actions
[21/03/2020 15:26] /reload actions
[21/03/2020 15:26] /reload actions
[21/03/2020 15:27] /reload actions
[21/03/2020 15:27] /reload actions
[21/03/2020 15:28] /reload actions
[21/03/2020 15:36] /reload actions
[21/03/2020 15:39] /reload actions
[21/03/2020 15:58] /reload movements
[21/03/2020 15:58] /reload actions
[21/03/2020 15:59] /reload actions
[21/03/2020 16:02] /reload actions
[21/03/2020 16:03] /reload actions
[21/03/2020 16:07] /reload movements
[21/03/2020 16:09] /reload movements
[21/03/2020 16:09] /reload movements
[21/03/2020 16:09] /reload movements
[21/03/2020 16:09] /reload movements
[21/03/2020 16:10] /reload movements
[21/03/2020 16:11] /reload movements
[21/03/2020 16:29] /reload actions
[21/03/2020 16:32] /reload movements
[21/03/2020 16:32] /reload movements
[21/03/2020 17:55] /reload spells
[21/03/2020 17:56] /reload spells
[21/03/2020 17:57] /reload spells
[21/03/2020 18:01] /reload actions
[21/03/2020 18:02] /reload actions
[21/03/2020 18:03] /reload actions
[21/03/2020 18:06] /reload actions
[21/03/2020 18:07] /reload movimentos
[21/03/2020 18:07] /reload moviments
[21/03/2020 18:07] /reload movements
[21/03/2020 18:09] /reload movements
[21/03/2020 18:09] /reload movements
[21/03/2020 18:10] /reload movements
[21/03/2020 18:11] /reload movements
[21/03/2020 18:11] /reload movements
[21/03/2020 18:11] /reload movements
[21/03/2020 18:12] /reload movements
[21/03/2020 18:12] /reload movements
[21/03/2020 18:12] /reload movements
[21/03/2020 18:16] /reload movements
[21/03/2020 18:20] /reload movements
[21/03/2020 18:21] /reload movements
[21/03/2020 18:22] /reload movements
[21/03/2020 18:25] /reload movements
[21/03/2020 18:30] /reload movements
[21/03/2020 18:32] /reload movements
[21/03/2020 18:35] /reload movements
[21/03/2020 18:46] /reload spells
[21/03/2020 19:04] /reload actions
[21/03/2020 19:06] /reload actions
[21/03/2020 19:11] /reload actions
[21/03/2020 19:21] /reload actions
[21/03/2020 20:06] /reload actions
[21/03/2020 20:10] /reload globalevents
[21/03/2020 20:23] /reload actions
[21/03/2020 20:23] /reload globalevetns
[21/03/2020 20:23] /reload globalevents
[21/03/2020 20:28] /reload globalevetns
[21/03/2020 20:28] /reload globalevents
[21/03/2020 20:30] /reload globalevents
[21/03/2020 20:32] /reload globalevents
[21/03/2020 20:34] /reload globalevents
[21/03/2020 20:34] /reload globalevents
[21/03/2020 20:35] /reload globalevents
[21/03/2020 20:35] /reload globalevents
[21/03/2020 20:36] /reload globalevents
[21/03/2020 20:36] /reload globalevents
[21/03/2020 20:37] /reload globalevents
[21/03/2020 20:37] /reload globalevents
[21/03/2020 20:37] /reload globalevents
[21/03/2020 20:37] /reload globalevents
[21/03/2020 20:39] /reload globalevents
[21/03/2020 20:39] /reload globalevents
[21/03/2020 20:39] /reload globalevents
[21/03/2020 20:39] /reload globalevents
[21/03/2020 20:40] /reload globalevents
[21/03/2020 20:41] /reload globalevents
[21/03/2020 20:41] /reload globalevents
[21/03/2020 20:41] /reload globalevents
[21/03/2020 20:43] /reload globalevents
[21/03/2020 20:43] /reload globalevents
[21/03/2020 20:43] /reload globalevents
[21/03/2020 20:44] /reload actions
[21/03/2020 20:48] /reload actions
[09/04/2020 18:20] /reload spells
[09/04/2020 18:20] /reload actions
[09/04/2020 18:30] /reload actions
[09/04/2020 18:35] /reload actions
[09/04/2020 18:48] /reload actions
[09/04/2020 19:00] /reload actions
[09/04/2020 19:00] /reload actions
[09/04/2020 19:01] /reload actions
[09/04/2020 19:18] /reload actions
[09/04/2020 19:21] /reload actions
[09/04/2020 19:22] /reload actions
[09/04/2020 19:22] /reload actions
[09/04/2020 19:23] /reload actions
[09/04/2020 19:23] /reload actions
[09/04/2020 19:24] /reload actions
[09/04/2020 19:25] /reload actions
[09/04/2020 19:28] /reload actions
[09/04/2020 19:29] /reload actions
[09/04/2020 19:29] /reload actions
[09/04/2020 19:31] /reload actions
[09/04/2020 19:31] /reload actions
[09/04/2020 19:31] /reload actions
[09/04/2020 19:32] /reload actions
[09/04/2020 19:34] /reload actions
[09/04/2020 19:40] /reload actions
[09/04/2020 19:41] /reload actions
[09/04/2020 19:41] /reload actions
[09/04/2020 19:41] /reload actions
[09/04/2020 19:42] /reload actions
[09/04/2020 19:43] /reload actions
[09/04/2020 19:43] /reload actions
[09/04/2020 19:43] /reload actions
[09/04/2020 19:44] /reload actions
[09/04/2020 19:45] /reload actions
[09/04/2020 19:45] /reload actions
[09/04/2020 19:46] /reload actions
[09/04/2020 19:46] /reload actions
[09/04/2020 19:47] /reload actions
[09/04/2020 19:48] /reload actions
[09/04/2020 19:49] /reload actions
[09/04/2020 19:50] /reload actions
[09/04/2020 19:50] /reload actions
[09/04/2020 19:51] /reload actions
[09/04/2020 19:52] /reload actions
[09/04/2020 19:52] /reload actions
[09/04/2020 19:57] /reload actions]
[09/04/2020 19:58] /reload actions
[09/04/2020 19:59] /reload actions
[09/04/2020 20:01] /reload actions
[09/04/2020 20:04] /reload actions
[09/04/2020 20:12] /reload actions
[09/04/2020 20:14] /reload actions
[09/04/2020 20:15] /reload actions
[09/04/2020 20:17] /reload actions
[09/04/2020 20:17] /reload actions
[09/04/2020 20:17] /reload actions
[09/04/2020 20:18] /reload actions
[09/04/2020 20:19] /reload actions
[09/04/2020 20:20] /reload actions
[09/04/2020 20:21] /reload actions
[09/04/2020 20:21] /reload actions
[09/04/2020 20:22] /reload actions]
[09/04/2020 20:22] /reload actions
[09/04/2020 20:22] /reload actions]
[09/04/2020 20:23] /reload actions
[09/04/2020 20:24] /reload actions
[09/04/2020 20:25] /reload actions
[09/04/2020 20:25] /reload actions
[09/04/2020 20:26] /reload actions
[09/04/2020 20:27] /reload actions
[09/04/2020 20:27] /reload actions
[09/04/2020 20:28] /reload actions
[09/04/2020 20:28] /reload actions
[09/04/2020 20:29] /reload actions
[09/04/2020 20:29] /reload actions
[09/04/2020 20:31] /reload actions
[09/04/2020 20:34] /reload actions
[09/04/2020 20:35] /reload actions
[09/04/2020 20:35] /reload actions
[09/04/2020 20:36] /reload actions
[09/04/2020 20:36] /reload actions
[09/04/2020 20:37] /reload actions
[09/04/2020 20:39] /reload actions
[09/04/2020 20:39] /reload actions
[09/04/2020 20:42] /reload config
[09/04/2020 20:43] /reload config]
[09/04/2020 20:43] /reload config
[09/04/2020 20:43] /reload actions
[09/04/2020 20:43] /reload actions
[09/04/2020 20:45] /reload actions
[09/04/2020 20:48] /reload actions
[09/04/2020 20:49] /reload actions
[09/04/2020 20:49] /reload actions
[09/04/2020 20:50] /reload actions
[09/04/2020 20:51] /reload actions
[09/04/2020 20:52] /reload actions
[09/04/2020 20:52] /reload actions
[09/04/2020 20:54] /reload actions
[09/04/2020 20:54] /reload actions
[09/04/2020 20:55] /reload actions
[09/04/2020 20:56] /reload actions
[09/04/2020 20:58] /reload actions
[09/04/2020 20:58] /reload actions
[09/04/2020 20:58] /reload actions
[09/04/2020 21:01] /reload actions
[09/04/2020 21:03] /reload actions
[09/04/2020 21:04] /reload actions
[09/04/2020 21:05] /reload actions
[09/04/2020 21:05] /reload actions
[09/04/2020 21:06] /reload actions
[09/04/2020 21:07] /reload actions
[09/04/2020 21:07] /reload actions
[09/04/2020 21:07] /reload actions
[09/04/2020 21:08] /reload actions
[09/04/2020 21:09] /reload actions
[09/04/2020 21:12] /reload actions
[09/04/2020 21:13] /reload actions
[09/04/2020 21:13] /reload actions
[09/04/2020 21:17] /reload actions
[09/04/2020 21:17] /reload actions
[09/04/2020 21:19] /reload actions
[09/04/2020 21:20] /reload actions
[09/04/2020 21:21] /reload actions
[09/04/2020 21:23] /reload actions
[09/04/2020 21:23] /reload actions
[09/04/2020 21:24] /reload actions
[09/04/2020 21:26] /reload actions
[09/04/2020 21:27] /reload actions
[09/04/2020 21:28] /reload actions
[09/04/2020 21:31] /reload actions
[09/04/2020 21:31] /reload actions
[09/04/2020 21:31] /reload actions
[09/04/2020 21:32] /reload actions
[09/04/2020 21:33] /reload actions
[09/04/2020 21:33] /reload actions
[09/04/2020 21:33] /reload actions
[09/04/2020 21:34] /reload actions
[09/04/2020 21:34] /reload actions
[09/04/2020 21:34] /reload actions
[09/04/2020 21:36] /reload actions
[09/04/2020 21:36] /reload actions
[09/04/2020 21:37] /reload actions
[09/04/2020 21:41] /reload actions
[09/04/2020 21:41] /reload actions
[09/04/2020 21:41] /reload actions
[09/04/2020 21:41] /reload actions
[09/04/2020 21:41] /reload actions
[09/04/2020 21:42] /reload actions
[09/04/2020 21:42] /reload actions
[09/04/2020 21:43] /reload actions
[09/04/2020 21:43] /reload actions
[09/04/2020 21:43] /reload actions
[09/04/2020 21:43] /reload actions
[09/04/2020 21:44] /reload actions
[09/04/2020 21:45] /reload actions
[09/04/2020 21:46] /reload actions
[09/04/2020 21:48] /reload actions
[09/04/2020 21:48] /reload actions
[09/04/2020 21:49] /reload actions
[09/04/2020 21:50] /reload actions
[09/04/2020 21:50] /reload actions
[09/04/2020 21:51] /reload actions
[09/04/2020 21:51] /reload actions
[09/04/2020 21:52] /reload actions
[09/04/2020 21:52] /reload actions
[09/04/2020 21:53] /reload actions
[09/04/2020 21:53] /reload actions
[09/04/2020 21:54] /reload actions
[09/04/2020 21:55] /reload actions
[09/04/2020 21:57] /reload actions
[09/04/2020 21:58] /reload actions
[09/04/2020 21:59] /reload actions
[09/04/2020 21:59] /reload actions
[09/04/2020 22:00] /reload actions
[09/04/2020 22:01] /reload actions
[09/04/2020 22:01] /reload actions
[09/04/2020 22:01] /reload actions
[09/04/2020 22:05] /reload actions
[09/04/2020 22:05] /reload actions
[09/04/2020 22:06] /reload actions
[09/04/2020 22:07] /reload actions
[09/04/2020 22:08] /reload actions
[09/04/2020 22:09] /reload actions
[09/04/2020 22:10] /reload actions
[09/04/2020 22:10] /reload actions
[09/04/2020 22:10] /reload actions
[09/04/2020 22:11] /reload actions
[09/04/2020 22:11] /reload actions
[09/04/2020 22:12] /reload actions
[09/04/2020 22:12] /reload actions
[09/04/2020 22:18] /reload actions
[09/04/2020 22:18] /reload actions
[09/04/2020 22:18] /reload actions
[09/04/2020 22:21] /reload actions
[09/04/2020 22:22] /reload actions
[09/04/2020 22:22] /reload actions
[09/04/2020 22:22] /reload actions
[09/04/2020 22:23] /reload actions
[09/04/2020 22:23] /reload actions
[09/04/2020 22:24] /reload actions
[09/04/2020 22:24] /reload actions
[09/04/2020 22:25] /reload actions
[09/04/2020 22:25] /reload actions
[09/04/2020 22:27] /reload actions
[09/04/2020 22:27] /reload actions
[09/04/2020 22:28] /reload actions
[09/04/2020 22:30] /reload actions
[09/04/2020 22:30] /reload actions
[09/04/2020 22:32] /reload actions
[09/04/2020 22:37] /reload actions
[09/04/2020 22:38] /reload actions
[09/04/2020 22:39] /reload actions
[09/04/2020 22:39] /reload actions
[09/04/2020 22:40] /reload actions
[09/04/2020 22:40] /reload actions
[09/04/2020 22:40] /reload actions
[09/04/2020 22:42] /reload actions
[09/04/2020 22:42] /reload actions
[09/04/2020 22:42] /reload actions
[09/04/2020 22:43] /reload actions
[09/04/2020 22:45] /reload actions
[09/04/2020 22:45] /reload actions
[09/04/2020 22:45] /reload actions
[09/04/2020 22:46] /reload actions
[09/04/2020 22:46] /reload actions
[09/04/2020 22:46] /reload actions
[10/04/2020 03:25] /reload actions
[10/04/2020 03:25] /reload actions
[10/04/2020 03:32] /reload global
[10/04/2020 12:38] /reload movements
[10/04/2020 12:38] /reload movements
[10/04/2020 12:38] /reload movements
[10/04/2020 12:45] /reload movements
[10/04/2020 12:58] /reload global
[10/04/2020 12:58] /reload global
[10/04/2020 12:59] /reload global
[10/04/2020 13:00] /reload global
[10/04/2020 13:02] /reload actions
[10/04/2020 13:02] /reload global
[10/04/2020 13:03] /reload global
[10/04/2020 13:05] /reload global
[10/04/2020 13:05] /reload global
[10/04/2020 13:06] /reload global
[10/04/2020 13:06] /reload global
[10/04/2020 13:06] /reload global
[10/04/2020 13:07] /reload global
[10/04/2020 13:07] /reload global
[10/04/2020 13:09] /reload movements
[10/04/2020 13:09] /reload movements
[10/04/2020 13:09] /reload actions
[10/04/2020 13:10] /reload actions
[10/04/2020 13:11] /reload actions
[10/04/2020 13:14] /reload actions
[10/04/2020 13:14] /reload global
[10/04/2020 13:14] /reload global
[10/04/2020 13:14] /reload global
[10/04/2020 13:15] /reload global
[10/04/2020 13:16] /reload global
[10/04/2020 13:17] /reload global
[10/04/2020 13:17] /reload global
[10/04/2020 13:17] /reload global
[10/04/2020 13:18] /reload global
[10/04/2020 13:19] /reload global
[10/04/2020 13:20] /reload global
[10/04/2020 13:22] /reload global
[10/04/2020 13:23] /reload global
[10/04/2020 13:23] /reload global
[10/04/2020 13:23] /reload global
[10/04/2020 13:24] /reload global
[10/04/2020 13:24] /reload global
[10/04/2020 13:25] /reload global
[10/04/2020 13:28] /reload global
[10/04/2020 13:29] /reload actions
[10/04/2020 13:31] /reload global
[10/04/2020 13:31] /reload global
[10/04/2020 13:32] /reload global
[10/04/2020 13:32] /reload global
[10/04/2020 13:32] /reload global
[10/04/2020 13:35] /reload actions
[10/04/2020 13:37] /reload actions
[10/04/2020 13:37] /reload global
[10/04/2020 13:38] /reload global
[10/04/2020 13:38] /reload global
[10/04/2020 13:39] /reload global
[10/04/2020 13:39] /reload global
[10/04/2020 13:39] /reload global
[10/04/2020 13:39] /reload global
[10/04/2020 13:39] /reload global
[10/04/2020 13:40] /reload global
[10/04/2020 13:41] /reload global
[10/04/2020 13:41] /reload global
[10/04/2020 13:42] /reload global
[10/04/2020 13:42] /reload global
[10/04/2020 13:42] /reload global
[10/04/2020 13:43] /reload global
[10/04/2020 13:43] /reload global
[10/04/2020 13:44] /reload global
[10/04/2020 13:46] /reload global
[10/04/2020 13:46] /reload global
[10/04/2020 13:46] /reload actionjs
[10/04/2020 13:46] /reload actions
[10/04/2020 13:48] /reload actions
[10/04/2020 13:49] /reload actions
[10/04/2020 13:49] /reload global
[10/04/2020 13:49] /reload global
[10/04/2020 13:51] /reload actions
[10/04/2020 13:51] /reload global
[10/04/2020 13:52] /reload global
[10/04/2020 13:54] /reload global
[10/04/2020 13:54] /reload movements
[10/04/2020 13:55] /reload global
[10/04/2020 13:57] /reload globalo
[10/04/2020 13:57] /reload global
[10/04/2020 13:57] /reload global
[10/04/2020 13:59] /reload actions
[10/04/2020 13:59] /reload actions
[10/04/2020 14:02] /reload global
[10/04/2020 14:02] /reload global
[10/04/2020 14:03] /reload global
[10/04/2020 14:03] /reload global
[10/04/2020 14:04] /reload global
[10/04/2020 14:05] /reload global
[10/04/2020 14:07] /reload global
[10/04/2020 14:24] /reload global
[10/04/2020 14:24] /reload actions
[10/04/2020 14:24] /reload global
[10/04/2020 14:26] /reload actions
[10/04/2020 14:26] /reload global
[10/04/2020 14:26] /reload globalç
[10/04/2020 14:26] /reload global
[10/04/2020 14:27] /reload global
[10/04/2020 14:28] /reload global
[10/04/2020 14:31] /reload global
[10/04/2020 14:31] /reload global
[10/04/2020 14:31] /reload actions
[10/04/2020 14:34] /reload actions
[10/04/2020 14:34] /reload global
[10/04/2020 14:35] /reload global
[10/04/2020 14:36] /reload global
[10/04/2020 14:36] /reload global
[10/04/2020 14:38] /reload global
[10/04/2020 14:39] /reload global
[10/04/2020 14:39] /reload actions
[10/04/2020 14:39] /reload movementsa
[10/04/2020 14:39] /reload movements
[10/04/2020 14:40] /reload global
[10/04/2020 14:41] /reload global
[10/04/2020 14:42] /reload global
[10/04/2020 14:42] /reload movements
[10/04/2020 17:09] /reload weapons
[10/04/2020 17:14] /reload weapons
[10/04/2020 18:56] /reload actions
[10/04/2020 18:57] /reload actions
[10/04/2020 18:57] /reload actions
[10/04/2020 19:01] /reload actions
[10/04/2020 19:01] /reload actions
[10/04/2020 19:01] /reload actions
[10/04/2020 19:11] /reload actions
[10/04/2020 19:13] /reload actions
[10/04/2020 19:13] /reload npc
[10/04/2020 19:14] /reload npcs
[10/04/2020 19:14] /reload actions
[10/04/2020 20:14] /reload actions
[10/04/2020 20:16] /reload actions
[10/04/2020 20:18] /reload actions
[10/04/2020 20:20] /reload actions
[10/04/2020 20:21] /reload actions
[10/04/2020 20:23] /reload actions
[10/04/2020 20:24] /reload actions
[10/04/2020 20:24] /reload actions
[10/04/2020 20:27] /reload actions
[10/04/2020 20:27] /reload actions
[10/04/2020 20:32] /reload actions
[10/04/2020 20:32] /reload action
[10/04/2020 20:35] /reload action
[10/04/2020 20:35] /reload action
[10/04/2020 20:36] /reload action
[10/04/2020 20:37] /reload actions
[10/04/2020 20:37] /reload actions
[10/04/2020 20:39] /reload actions
[10/04/2020 20:39] /reload actions
[10/04/2020 20:40] /reload actions
[10/04/2020 20:40] /reload actions
[10/04/2020 20:40] /reload actions
[10/04/2020 20:45] /reload actions
[10/04/2020 20:46] /reload actions
[10/04/2020 20:47] /reload actions
[10/04/2020 20:47] /reload actions
[10/04/2020 20:48] /reload actions
[10/04/2020 20:49] /reload actions
[10/04/2020 20:49] /reload actions
[10/04/2020 20:49] /reload actions
[10/04/2020 20:55] /reload actions
[10/04/2020 20:58] /reload actions
[10/04/2020 20:58] /reload actions
[10/04/2020 21:00] /reload actions
[10/04/2020 21:03] /reload actions
[10/04/2020 21:03] /reload actions
[11/04/2020 12:58] /raid Badger
[11/04/2020 12:58] /raid WarWolf
[11/04/2020 12:58] /raid WaspBear
[11/04/2020 12:58] /raid Dragons
[11/04/2020 12:59] /raid Dragons
[11/04/2020 13:10] /reload actions
[11/04/2020 13:14] /reload npc
[11/04/2020 13:22] /reload npcs
[11/04/2020 13:22] /reload npcs
[11/04/2020 15:11] /reload movements
[11/04/2020 15:12] /reload movements
[11/04/2020 15:13] /reload movements
[11/04/2020 15:14] /reload actions
[11/04/2020 15:15] /reload actions
[11/04/2020 15:15] /reload actions
[11/04/2020 15:16] /reload actions
[11/04/2020 15:18] /reload movements
[11/04/2020 15:19] /reload movements
[11/04/2020 15:20] /reload movements
[11/04/2020 15:21] /reload movements
[11/04/2020 15:25] /reload movements
[11/04/2020 15:25] /reload movements
[11/04/2020 15:26] /reload movemetns
[11/04/2020 15:26] /reload movements
[11/04/2020 15:27] /reload movements
[11/04/2020 15:27] /reload actions
[11/04/2020 15:29] /reload actions
[11/04/2020 15:29] /reload actions
[11/04/2020 15:29] /reload movements
[11/04/2020 15:29] /reload movements
[11/04/2020 15:30] /reload movements
[11/04/2020 15:31] /reload movements
[11/04/2020 15:32] /reload movements
[11/04/2020 15:38] /reload monster
[11/04/2020 15:39] /reload monster
[11/04/2020 15:45] /reload movements
[11/04/2020 15:47] /reload movements
[11/04/2020 15:48] /reload movements
[11/04/2020 15:56] /reload movements
[11/04/2020 15:57] /reload movements
[11/04/2020 15:59] /reload movements
[11/04/2020 16:00] /reload movements
[11/04/2020 16:00] /reload movements
[11/04/2020 16:02] /reload movements
[11/04/2020 16:03] /reload movements
[11/04/2020 16:03] /reload movements
[11/04/2020 16:04] /reload movements
[11/04/2020 16:22] /reload movements
[11/04/2020 16:33] /reload spells
[11/04/2020 16:35] /reload talkactions
[11/04/2020 16:36] /reload talkactions
[11/04/2020 16:36] /reload talkactions
[13/04/2020 17:08] /reload talkactions
[13/04/2020 17:31] /reload actions
[13/04/2020 17:31] /reload global
[13/04/2020 17:32] /reload actions
[13/04/2020 17:32] /reload global
[13/04/2020 17:32] /reload global
[13/04/2020 17:33] /reload global
[13/04/2020 17:33] /reload global
[13/04/2020 17:35] /reload actions
[13/04/2020 17:35] /reload global
[15/04/2020 13:34] /reload actions
[18/04/2020 14:50] /reload npc
[18/04/2020 14:51] /reload npc
[18/04/2020 14:51] /reload npc
[18/04/2020 14:53] /reload npcs
[18/04/2020 14:54] /reload npc
[18/04/2020 14:54] /reload npc
[18/04/2020 20:30] /reload config
[18/04/2020 21:46] /reload npc
[18/04/2020 21:48] /reload npc
[18/04/2020 22:13] /reload config
[18/04/2020 22:14] /reload config
[18/04/2020 22:15] /reload config
[18/04/2020 22:16] /reload config
[18/04/2020 22:45] /reload actions
[18/04/2020 22:49] /reload actions
[19/04/2020 01:39] /reload talkactions
[19/04/2020 01:41] /reload talkactions
[19/04/2020 01:42] /reload talkactions
[19/04/2020 01:42] /reload talkactions
[19/04/2020 01:43] /reload talkactions
[19/04/2020 01:43] /reload talkactions
[19/04/2020 01:43] /reload talkactions
[19/04/2020 01:44] /reload talkactions
[19/04/2020 01:46] /reload talkactions
[19/04/2020 01:48] /reload talkactions
[19/04/2020 01:49] /reload talkactions
[19/04/2020 01:50] /reload talkactions
[19/04/2020 01:51] /reload talkactions
[19/04/2020 02:04] /reload talkactions
[19/04/2020 02:05] /reload talkactions
[19/04/2020 02:14] /reload talkactions
[19/04/2020 02:15] /reload talkactions
[19/04/2020 02:15] /reload talkactions
[19/04/2020 02:16] /reload talkactions
[19/04/2020 02:20] /reload talkactions
[19/04/2020 02:31] /reload talkactions
[19/04/2020 02:32] /reload talkactions
[19/04/2020 02:34] /reload talkactions
[19/04/2020 02:43] /reload actions
[19/04/2020 02:43] /reload talkactions
[19/04/2020 02:47] /reload talkactions
[19/04/2020 02:50] /reload talkactions
[19/04/2020 02:52] /reload talkactions
[19/04/2020 02:53] /reload talkactions
[19/04/2020 02:53] /reload talkactions
[19/04/2020 02:54] /reload talkactions
[19/04/2020 02:55] /reload talkactions
[19/04/2020 02:55] /reload talkactions
[19/04/2020 02:57] /reload talkactions
[19/04/2020 02:58] /reload talkactions
[19/04/2020 02:59] /reload talkactions
[19/04/2020 02:59] /reload talkactions
[19/04/2020 03:00] /reload talkactions
[19/04/2020 03:00] /reload talkactions
[19/04/2020 04:22] /reload tralkactions
[19/04/2020 04:22] /reload talkactions
[19/04/2020 04:23] /reload talkactions
[19/04/2020 04:29] /reload talkactions
[19/04/2020 04:31] /reload talkactions
[19/04/2020 04:32] /reload talkactions
[19/04/2020 05:27] /reload talkactions
[19/04/2020 05:43] /reload talkactions
[19/04/2020 05:52] /reload talkactions
[19/04/2020 05:53] /reload talkactions
[19/04/2020 05:55] /reload talkactions
[19/04/2020 05:55] /reload talkactions
[19/04/2020 05:56] /reload talkactions
[19/04/2020 05:57] /reload talkactions
[19/04/2020 15:07] /reload talkactions
[19/04/2020 15:08] /reload talkactions
[19/04/2020 15:09] /reload talkactions
[19/04/2020 15:13] /reload talkactions
[19/04/2020 15:14] /reload talkactions
[19/04/2020 15:14] /reload talkactions
[19/04/2020 15:16] /reload talkactions
[19/04/2020 15:17] /reload talkactions
[19/04/2020 15:17] /reload talkactions
[19/04/2020 15:20] /reload talkations
[19/04/2020 15:20] /reload talkactions
[19/04/2020 15:20] /reload talkatcion
[19/04/2020 15:20] /reload talkations
[19/04/2020 15:20] /reload talkations
[19/04/2020 15:20] /reload talkactions
[19/04/2020 15:23] /reload talkactions
[19/04/2020 15:24] /reload talkactions
[19/04/2020 15:38] /reload talakactions
[19/04/2020 15:39] /reload talkactions
[19/04/2020 15:57] /reload talkactions
[19/04/2020 18:12] /reload talkactions
[20/04/2020 17:57] /reload talkations
[20/04/2020 17:57] /reload talkactions
[20/04/2020 17:59] /reload talkactions
[20/04/2020 18:00] /reload talkactions
[20/04/2020 18:01] /reload talkactions
[20/04/2020 18:01] /reload talkactions
[20/04/2020 18:02] /reload talkactions
[20/04/2020 18:04] /reload talkactions
[20/04/2020 18:05] /reload talkactions
[20/04/2020 18:07] /reload talkactions
[20/04/2020 18:12] /reload talkactions
[20/04/2020 18:25] /reload talkactions
[20/04/2020 18:26] /reload talkactions
[20/04/2020 18:28] /reload talkactions
[20/04/2020 18:31] /reload talkactions
[20/04/2020 18:36] /reload talkactions
[20/04/2020 18:37] /reload talkactions
[20/04/2020 18:37] /reload talkactions
[20/04/2020 18:38] /reload talkactions
[20/04/2020 18:40] /reload talkactions
[20/04/2020 18:41] /reload talkactions
[20/04/2020 18:41] /reload talkactions
[20/04/2020 18:43] /reload talkactions
[20/04/2020 18:44] /reload talkactions
[20/04/2020 18:45] /reload talkactions
[20/04/2020 18:50] /reload talkactions
[20/04/2020 18:51] /reload talkactions
[20/04/2020 18:51] /reload talkactions
[20/04/2020 18:52] /reload talkactions
[20/04/2020 18:59] /reload talkactions
[20/04/2020 19:01] /reload talkactions
[20/04/2020 19:03] /reload talkactions
[20/04/2020 19:05] /reload talkactions
[20/04/2020 19:06] /reload talkactions
[20/04/2020 19:07] /reload talkactions
[20/04/2020 19:07] /reload talkactions
[20/04/2020 19:15] /reload talkactions
[20/04/2020 19:19] /reload talkactions
[20/04/2020 19:22] /reload talkactions
[20/04/2020 19:25] /reload talkactions
[20/04/2020 19:26] /reload talkactions
[20/04/2020 19:26] /reload talkactions
[20/04/2020 19:26] /reload talkactions
[20/04/2020 19:27] /reload talkactions
[20/04/2020 19:27] /reload talkactions
[20/04/2020 19:35] /reload talkactions
[20/04/2020 20:15] /reload actions
[20/04/2020 20:16] /reload actions
[20/04/2020 20:16] /reload actions
[20/04/2020 20:23] /reload actions
[20/04/2020 20:28] /reload actions
[20/04/2020 20:28] /reload actions
[20/04/2020 20:32] /reload actions
[20/04/2020 20:36] /reload actions
[20/04/2020 20:49] /reload actions
[20/04/2020 20:49] /reload actions
[20/04/2020 20:50] /reload actions
[20/04/2020 20:50] /reload actions
[20/04/2020 20:50] /reload actions
[20/04/2020 20:51] /reload actions
[20/04/2020 21:06] /reload actions
[20/04/2020 21:36] /reload monster
[20/04/2020 21:44] /reload talkactions
[20/04/2020 22:21] /reload npc
[20/04/2020 22:21] /reload npc
[20/04/2020 22:23] /reload npc
[20/04/2020 23:32] /reload actions
[20/04/2020 23:33] /reload actions
[20/04/2020 23:33] /reload actions
[20/04/2020 23:34] /reload actions
[20/04/2020 23:36] /reload actions
[20/04/2020 23:38] /reload npc
[20/04/2020 23:38] /reload npc
[20/04/2020 23:38] /reload npc
[20/04/2020 23:38] /reload npc
[21/04/2020 15:27] /reload npc
[21/04/2020 15:28] /reload npc
[21/04/2020 15:30] /reload npc
[21/04/2020 16:05] /reload creaturescripts
[21/04/2020 16:05] /reload creaturescripts
[21/04/2020 16:08] /reload creaturescripts
[21/04/2020 16:10] /reload npcs
[21/04/2020 16:10] /reload creaturescripts
[21/04/2020 16:11] /reload creaturescripts
[21/04/2020 16:11] /reload npc
[21/04/2020 16:11] /reload npc
[21/04/2020 16:11] /reload creaturescripts
[21/04/2020 16:12] /reload creaturescripts
[21/04/2020 16:19] /reload creaturescripts
[21/04/2020 16:24] /reload creaturescripts
[21/04/2020 16:41] /reload Creaturescripts
[21/04/2020 16:44] /reload npcs
[21/04/2020 16:45] /reload creaturescripts
[21/04/2020 16:55] /reload npc
[21/04/2020 16:56] /reload npc
[21/04/2020 17:01] /reload npc
[21/04/2020 17:17] /reload npc
[21/04/2020 17:19] /reload npc
[21/04/2020 17:21] /reload npc
[21/04/2020 17:59] /reload npc
[21/04/2020 17:59] /reload npc
[21/04/2020 18:04] /reload npc
[22/04/2020 18:05] /reload talkactions
[22/04/2020 18:06] /reload talkactions
[22/04/2020 18:28] /reload config
[22/04/2020 18:30] /reload config
[22/04/2020 18:30] /reload config
[22/04/2020 18:31] /reload config
[22/04/2020 18:36] /reload config
[22/04/2020 18:37] /reload config
[23/04/2020 01:36] /reload creaturecrits
[23/04/2020 01:36] /reload creaturescripts
[23/04/2020 01:39] /reload creaturescripts
[23/04/2020 11:47] /reload monster
[23/04/2020 12:40] /reload creaturescripts
[23/04/2020 12:43] /reload creaturescripts
[23/04/2020 12:43] /reload creaturescripts]
[23/04/2020 12:43] /reload creaturescripts
[23/04/2020 12:58] /reload creaturescripts
[23/04/2020 12:58] /reload creaturescripts
[23/04/2020 13:02] /reload creaturescripts
[23/04/2020 13:02] /reload creaturescripts
[23/04/2020 13:07] /reload creaturescripts
[23/04/2020 13:09] /reload creaturecripts
[23/04/2020 13:14] /reload creaturescripts
[23/04/2020 15:00] /reload actions
[23/04/2020 15:01] /reload weapons
[23/04/2020 15:05] /reload weapons
[23/04/2020 15:06] /reload weapons
[23/04/2020 15:52] /reload weapons
[23/04/2020 15:52] /reload weapons
[23/04/2020 15:53] /reload weapons
[23/04/2020 15:54] /reload weapons
[23/04/2020 15:54] /reload weapons
[23/04/2020 15:54] /reload weapons
[23/04/2020 15:55] /reload weapons
[23/04/2020 15:56] /reload weapons
[23/04/2020 15:59] /reload weapons
[23/04/2020 16:08] /reload weapons
[23/04/2020 16:09] /reload weapons
[23/04/2020 16:10] /reload weapons
[23/04/2020 16:10] /reload weapons
[23/04/2020 16:10] /reload weapons
[23/04/2020 16:11] /reload weapons
[23/04/2020 16:45] /reload weapons
[23/04/2020 16:46] /reload config
[23/04/2020 16:46] /reload config
[23/04/2020 16:46] /reload config
[24/04/2020 23:10] /reload npcs
[25/04/2020 00:43] /reload globalevents
[25/04/2020 00:45] /reload globalevents
[25/04/2020 00:46] /reload globalevents
[25/04/2020 00:48] /reload globalevents
[25/04/2020 00:49] /reload globalevents
[25/04/2020 00:51] /reload globalevents
[25/04/2020 00:52] /reload globalevents
[25/04/2020 00:53] /reload globalevents
[25/04/2020 01:02] /reload globalevents
[25/04/2020 01:03] /reload globalevents
[25/04/2020 01:04] /reload globalevents
[25/04/2020 01:04] /reload globalevents
[25/04/2020 01:05] /reload globalevents
[25/04/2020 01:05] /reload globalevents
[25/04/2020 01:05] /reload globalevents
[25/04/2020 01:05] /reload globalevents
[25/04/2020 01:06] /reload globalevents
[25/04/2020 01:07] /reload globalevents
[25/04/2020 01:08] /reload globalevents
[25/04/2020 01:08] /reload globalevents
[25/04/2020 01:09] /reload globalevents
[25/04/2020 01:11] /reload globalevents
[25/04/2020 01:11] /reload globalevents
[25/04/2020 01:11] /reload globalevents
[25/04/2020 01:12] /reload creaturescripts
[25/04/2020 01:15] /reload creaturescripts
[25/04/2020 01:18] /reload global events
[25/04/2020 01:18] /reload globalevents
[25/04/2020 01:20] /reload globalevents
[25/04/2020 01:20] /reload globalevents
[25/04/2020 01:24] /reload globalevents
[25/04/2020 01:25] /reload globalevents
[25/04/2020 01:26] /reload globalevents
[25/04/2020 01:28] /reload globalevents
[25/04/2020 01:29] /reload globalevents
[25/04/2020 01:29] /reload globalevents
[25/04/2020 01:30] /reload globalevents
[25/04/2020 01:31] /reload globalevents
[25/04/2020 01:32] /reload globalevents
[25/04/2020 01:33] /reload globalevents
[25/04/2020 01:36] /reload globalevents
[25/04/2020 01:37] /reload globalevents
[25/04/2020 01:37] /reload globalevents
[25/04/2020 01:39] /reload globalevents
[25/04/2020 14:16] /reload globalevents
[25/04/2020 14:20] /reload globalevents
[25/04/2020 14:23] /reload globalevents
[25/04/2020 14:25] /reload globalevents
[25/04/2020 14:26] /reload globalevents
[25/04/2020 14:32] /reload globalevents
[25/04/2020 14:34] /reload globalevents
[25/04/2020 14:35] /reload globalevents
[25/04/2020 14:54] /reload globalevents
[25/04/2020 15:00] /reload globalevents
[25/04/2020 15:04] /reload globalevents
[25/04/2020 15:06] /reload globalevents
[25/04/2020 15:07] /reload globalevents
[25/04/2020 15:09] /reload globalevents
[25/04/2020 15:15] /reload creaturescripts
[25/04/2020 15:16] /reload globalevents
[25/04/2020 15:17] /reload creaturescripts
[25/04/2020 15:20] /reload globalevents
[25/04/2020 15:20] /reload globalevents
[25/04/2020 15:20] /reload globalevents
[25/04/2020 15:20] /reload globalevents
[25/04/2020 15:20] /reload globalevents
[25/04/2020 15:21] /reload globalevents
[25/04/2020 15:21] /reload globalevents
[25/04/2020 15:22] /reload globalevents
[25/04/2020 15:23] /reload globalevents
[25/04/2020 15:23] /reload globalevents
[25/04/2020 15:29] /reload globalevents
[25/04/2020 15:30] /reload globalevents
[25/04/2020 15:32] /reload globalevents
[25/04/2020 15:34] /reload globalevents
[25/04/2020 15:34] /reload globalevents
[25/04/2020 15:35] /reload globalevents
[25/04/2020 15:38] /reload globalevents
[25/04/2020 15:42] /reload globalevents
[25/04/2020 15:43] /reload globalevents
[25/04/2020 15:45] /reload globalevents
[25/04/2020 15:45] /reload globalevents
[25/04/2020 15:46] /reload globalevents
[25/04/2020 15:46] /reload globalevents
[25/04/2020 15:47] /reload globalevents
[25/04/2020 15:49] /reload globalevents
[25/04/2020 15:49] /reload globalevents
[25/04/2020 15:50] /reload globalevents
[25/04/2020 15:51] /reload globalevents
[25/04/2020 15:54] /reload globalevents
[25/04/2020 15:54] /reload globalevents
[25/04/2020 15:55] /reload globalevents
[25/04/2020 15:56] /reload globalevents
[25/04/2020 15:56] /reload globalevents
[25/04/2020 15:56] /reload globalevents
[25/04/2020 15:57] /reload globalevents
[25/04/2020 15:57] /reload globalevents
[25/04/2020 15:58] /reload globalevents
[25/04/2020 15:59] /reload globalevents
[25/04/2020 16:01] /reload globalevents
[25/04/2020 16:01] /reload globalevents
[25/04/2020 16:02] /reload globalevents
[25/04/2020 16:05] /reload globalevents
[25/04/2020 16:05] /reload globalevents
[25/04/2020 16:07] /reload globalevents
[25/04/2020 16:07] /reload globalevents
[25/04/2020 16:08] /reload globalevents
[25/04/2020 16:08] /reload globalevents
[25/04/2020 16:09] /reload globalevents
[25/04/2020 16:11] /reload globalevents
[25/04/2020 16:14] /reload globalevents
[25/04/2020 16:57] /reload globalevents
[25/04/2020 16:58] /reload globalevents
[25/04/2020 16:59] /reload globalevents
[25/04/2020 16:59] /reload globalevents
[25/04/2020 17:01] /reload globalevents
[25/04/2020 17:01] /reload globalevents
[25/04/2020 17:01] /reload globalevents
[25/04/2020 17:01] /reload globalevents
[25/04/2020 17:02] /reload globalevents
[25/04/2020 17:02] /reload globalevents
[25/04/2020 17:03] /reload globalevents
[25/04/2020 17:13] /reload globalevents
[25/04/2020 17:15] /reload globalevents
[25/04/2020 17:17] /reload globalevents
[25/04/2020 17:17] /reload globalevents
[25/04/2020 17:17] /reload globalevents
[25/04/2020 17:19] /reload globalevents
[25/04/2020 17:20] /reload globalevents
[25/04/2020 17:20] /reload globalevents
[25/04/2020 17:21] /reload globalevents
[25/04/2020 17:21] /reload globalevents
[25/04/2020 17:22] /reload globalevents
[25/04/2020 17:22] /reload globalevents
[25/04/2020 17:23] /reload globalevents
[25/04/2020 17:23] /reload globalevents
[25/04/2020 17:24] /reload globalevents
[25/04/2020 17:28] /reload globalevents
[25/04/2020 17:28] /reload globalevents
[25/04/2020 17:28] /reload globalevents
[25/04/2020 17:29] /reload globalevents
[25/04/2020 17:32] /reload globalevents
[25/04/2020 17:43] /reload globalevents
[25/04/2020 17:46] /reload globalevents
[25/04/2020 18:22] /reload globalevents
[25/04/2020 18:22] /reload globalevents
[25/04/2020 18:22] /reload globalevents
[25/04/2020 18:23] /reload globalevents
[25/04/2020 18:23] /reload globalevents
[25/04/2020 18:24] /reload globalevents
[25/04/2020 18:24] /reload globalevents
[25/04/2020 18:25] /reload globalevents
[25/04/2020 18:26] /reload globalevents
[25/04/2020 18:26] /reload globalevents
[25/04/2020 18:26] /reload globalevents
[25/04/2020 18:26] /reload globalevents
[25/04/2020 18:28] /reload globalevents
[25/04/2020 18:36] /reload globalevents
[25/04/2020 19:55] /reload globalevents
[25/04/2020 19:57] /reload globalevents
[25/04/2020 21:33] /reload spells
[25/04/2020 22:51] /reload spells
[25/04/2020 22:53] /reload spells
[25/04/2020 22:55] /reload spells
[25/04/2020 22:59] /reload spells
[25/04/2020 23:00] /reload spells
[25/04/2020 23:21] /reload monster
[25/04/2020 23:22] /reload monster
[25/04/2020 23:22] /reload monster
[25/04/2020 23:25] /reload spells
[25/04/2020 23:28] /reload spells
[25/04/2020 23:34] /reload spells
[25/04/2020 23:35] /reload spells
[26/04/2020 00:18] /reload spells
[26/04/2020 00:19] /reload spells
[26/04/2020 00:40] /reload spells
[26/04/2020 00:44] /reload spells
[26/04/2020 00:45] /reload spells
[26/04/2020 00:48] /reload spells
[26/04/2020 00:49] /reload spells
[26/04/2020 00:51] /reload spells
[26/04/2020 00:51] /reload spells
[26/04/2020 00:54] /reload spells
[26/04/2020 02:12] /reload spells
[26/04/2020 02:16] /reload spells
[26/04/2020 02:17] /reload spells
[26/04/2020 02:19] /reload spells
[26/04/2020 02:22] /reload spells
[26/04/2020 02:28] /reload spells
[26/04/2020 02:28] /reload spells
[26/04/2020 02:36] /reload spells
[26/04/2020 02:38] /reload spells
[26/04/2020 02:41] /reload spells
[26/04/2020 02:41] /reload config
[26/04/2020 02:43] /reload config
[26/04/2020 02:46] /reload config
[26/04/2020 02:48] /reload config
[26/04/2020 02:56] /reload spells
[26/04/2020 03:00] /reload spells
[26/04/2020 03:00] /reload spells
[26/04/2020 03:09] /reload spells
[26/04/2020 03:11] /reload spells
[26/04/2020 03:11] /reload spells
[26/04/2020 03:13] /reload spells
[26/04/2020 03:14] /reload spells
[26/04/2020 03:17] /reload spells
[26/04/2020 03:18] /reload spells
[26/04/2020 03:24] /reload spells
[26/04/2020 03:25] /reload spells
[26/04/2020 03:27] /reload spells
[26/04/2020 03:27] /reload spells
[26/04/2020 03:28] /reload spells
[26/04/2020 03:30] /reload spells
[26/04/2020 03:48] /reload spells
[26/04/2020 03:48] /reload spells
[26/04/2020 03:51] /reload spells
[26/04/2020 03:51] /reload spells
[26/04/2020 03:52] /reload spells
[26/04/2020 03:54] /reload spells
[26/04/2020 03:55] /reload spells
[26/04/2020 03:55] /reload spells
[26/04/2020 03:56] /reload spells
[26/04/2020 03:57] /reload spells
[26/04/2020 03:58] /reload spells
[26/04/2020 03:59] /reload spells
[26/04/2020 04:00] /reload spells
[26/04/2020 04:00] /reload spells
[26/04/2020 04:01] /reload spells
[26/04/2020 04:02] /reload spells
[26/04/2020 04:03] /reload spells
[26/04/2020 14:01] /reload spells
[26/04/2020 14:02] /reload spells
[26/04/2020 14:02] /reload spells
[26/04/2020 14:03] /reload spells
[26/04/2020 14:03] /reload spells
[26/04/2020 14:04] /reload spells
[26/04/2020 14:04] /reload spells
[26/04/2020 14:04] /reload spells
[26/04/2020 14:05] /reload spells
[26/04/2020 14:05] /reload spells
[26/04/2020 14:06] /reload spells
[26/04/2020 14:06] /reload spells
[26/04/2020 14:12] /reload spells
[26/04/2020 14:19] /reload spells
[26/04/2020 14:20] /reload spells
[26/04/2020 14:21] /reload spells
[26/04/2020 14:21] /reload spells
[26/04/2020 14:23] /reload spells
[26/04/2020 14:23] /reload spells
[26/04/2020 14:34] /reload spells
[26/04/2020 14:36] /reload spells
[26/04/2020 14:36] /reload spells
[26/04/2020 14:36] /reload spells
[26/04/2020 14:37] /reload spells
[26/04/2020 14:37] /reload spells
[26/04/2020 14:50] /reload spells
[26/04/2020 14:51] /reload spells
[26/04/2020 14:51] /reload spells
[26/04/2020 14:56] /reload spells
[26/04/2020 14:56] /reload spells
[26/04/2020 14:56] /reload spells
[26/04/2020 14:57] /reload spells
[26/04/2020 14:57] /reload spells
[26/04/2020 14:59] /reload spells
[26/04/2020 15:00] /reload spells
[26/04/2020 15:12] /reload spells
[26/04/2020 15:15] /reload spells
[26/04/2020 15:16] /reload spells
[26/04/2020 15:17] /reload spells
[26/04/2020 15:18] /reload spells
[26/04/2020 15:28] /reload spells
[26/04/2020 15:29] /reload spells
[26/04/2020 15:31] /reload spells
[26/04/2020 15:37] /reload spells
[26/04/2020 15:38] /reload spells
[26/04/2020 15:38] /reload spells
[26/04/2020 15:38] /reload spells
[26/04/2020 15:57] /reload spells
[26/04/2020 15:58] /reload spells
[26/04/2020 15:58] /reload spells
[26/04/2020 15:58] /reload spells
[26/04/2020 15:59] /reload spells
[26/04/2020 15:59] /reload spells
[26/04/2020 16:01] /reload spells
[26/04/2020 16:03] /reload spells
[26/04/2020 16:04] /reload spells
[26/04/2020 16:06] /reload spells
[26/04/2020 16:07] /reload spells
[26/04/2020 16:07] /reload spells
[26/04/2020 16:07] /reload spells
[26/04/2020 16:08] /reload spells
[26/04/2020 16:10] /reload spells
[26/04/2020 16:10] /reload spells
[26/04/2020 16:10] /reload spells
[26/04/2020 16:11] /reload spells
[26/04/2020 16:11] /reload spells
[26/04/2020 16:11] /reload spells
[26/04/2020 16:11] /reload spells
[26/04/2020 16:12] /reload spells
[26/04/2020 16:12] /reload spells
[26/04/2020 16:12] /reload spells
[26/04/2020 16:12] /reload spells
[26/04/2020 16:14] /reload spells
[26/04/2020 16:15] /reload spells
[26/04/2020 16:17] /reload spells
[26/04/2020 16:18] /reload spells
[26/04/2020 16:25] /reload spells
[26/04/2020 16:25] /reload spells
[26/04/2020 16:26] /reload spells
[26/04/2020 16:26] /reload spells
[26/04/2020 16:27] /reload spells
[26/04/2020 16:27] /reload spells
[26/04/2020 16:28] /reload spells
[26/04/2020 16:28] /reload spells
[26/04/2020 16:28] /reload spells
[26/04/2020 16:28] /reload spells
[26/04/2020 16:28] /reload spells
[26/04/2020 16:28] /reload spells
[26/04/2020 16:29] /reload spells
[26/04/2020 16:29] /reload spells
[26/04/2020 16:29] /reload spells
[26/04/2020 16:30] /reload spells
[26/04/2020 16:30] /reload spells
[26/04/2020 16:30] /reload spells
[26/04/2020 16:31] /reload spells
[26/04/2020 16:31] /reload spells
[26/04/2020 16:36] /reload spells
[26/04/2020 16:37] /reload spells
[26/04/2020 16:40] /reload spells
[26/04/2020 16:42] /reload spells
[26/04/2020 16:42] /reload spells
[26/04/2020 16:42] /reload spells
[26/04/2020 16:43] /reload spells
[26/04/2020 16:43] /reload spells
[26/04/2020 16:43] /reload spells
[26/04/2020 16:43] /reload spells
[26/04/2020 16:44] /reload spells
[26/04/2020 16:44] /reload spells
[26/04/2020 16:44] /reload spells
[26/04/2020 16:44] /reload spells
[26/04/2020 16:44] /reload spells
[26/04/2020 16:44] /reload spells
[26/04/2020 16:44] /reload spells
[26/04/2020 16:44] /reload spells
[26/04/2020 16:45] /reload spells
[26/04/2020 16:45] /reload spells
[26/04/2020 16:45] /reload spells
[26/04/2020 16:45] /reload spells
[26/04/2020 16:46] /reload spells
[26/04/2020 16:47] /reload spells
[26/04/2020 16:47] /reload spells
[26/04/2020 16:47] /reload spells
[26/04/2020 16:47] /reload spells
[26/04/2020 16:47] /reload spells
[26/04/2020 16:49] /reload spells
[26/04/2020 16:50] /reload spells
[26/04/2020 16:51] /reload spells
[26/04/2020 16:51] /reload spells
[26/04/2020 16:56] /reload spells
[26/04/2020 16:57] /reload spells
[26/04/2020 16:58] /reload spells
[26/04/2020 16:59] /reload spells
[26/04/2020 23:59] /reload actions
[27/04/2020 00:00] /reload actions
[27/04/2020 00:05] /reload actions
[27/04/2020 02:38] /reload globalevents
[27/04/2020 03:15] /reload creaturescripts
[27/04/2020 03:15] /reload creaturescripts
[27/04/2020 03:16] /reload creaturescripts
[27/04/2020 03:17] /reload creaturescripts
[27/04/2020 03:26] /reload movements
[27/04/2020 03:27] /reload movements
[27/04/2020 11:49] /reload actions
[27/04/2020 11:49] /reload global
[27/04/2020 11:50] /reload global
[27/04/2020 11:50] /reload actions
[27/04/2020 12:59] /reload creaturescripts
[27/04/2020 13:02] /reload creaturescripts
[27/04/2020 13:24] /reload npc
[27/04/2020 13:27] /reload npc
[27/04/2020 13:28] /reload npc
[27/04/2020 13:41] /reload npc
[27/04/2020 14:20] /reload npc
[27/04/2020 16:08] /reload global
[27/04/2020 16:13] /reload actions
[27/04/2020 16:18] /reload GLOBAL
[27/04/2020 16:19] /reload global
[27/04/2020 16:19] /reload actions
[27/04/2020 16:31] /reload global
[27/04/2020 16:32] /reload global
[27/04/2020 16:34] /reload global
[27/04/2020 16:34] /reload global
[27/04/2020 16:34] /reload global
[27/04/2020 16:35] /reload global
[27/04/2020 16:35] /reload actions
[27/04/2020 16:35] /reload actions
[27/04/2020 16:36] /reload actions
[27/04/2020 16:38] /reload actions
[27/04/2020 16:39] /reload actions
[27/04/2020 16:40] /reload actions
[27/04/2020 16:48] /reload actions
[27/04/2020 16:48] /reload actions
[27/04/2020 16:49] /reload actions
[27/04/2020 16:50] /reload actions
[27/04/2020 16:58] /reload global
[27/04/2020 16:59] /reload global
[27/04/2020 17:00] /reload global
[27/04/2020 17:00] /reload global
[27/04/2020 17:00] /reload actions
[27/04/2020 17:03] /reload global
[27/04/2020 17:03] /reload global
[27/04/2020 17:04] /reload actions
[27/04/2020 17:05] /reload actions
[27/04/2020 17:08] /reload global
[27/04/2020 17:09] /reload actions
[27/04/2020 17:09] /reload global
[27/04/2020 17:10] /reload global
[27/04/2020 17:11] /reload global
[27/04/2020 17:11] /reload global
[27/04/2020 17:12] /reload global
[27/04/2020 17:12] /reload global
[27/04/2020 17:13] /reload global
[27/04/2020 17:13] /reload global
[27/04/2020 17:13] /reload global
[27/04/2020 17:13] /reload global
[27/04/2020 17:33] /reload actions
[27/04/2020 17:34] /reload actions
[27/04/2020 17:47] /reload global
[27/04/2020 17:52] /reload global
[27/04/2020 17:55] /reload gloiba
[27/04/2020 17:55] /reload global
[27/04/2020 17:55] /reload global
[27/04/2020 17:58] /reload global
[27/04/2020 18:06] /reload global
[27/04/2020 18:06] /reload global
[27/04/2020 18:10] /reload actions
[27/04/2020 18:10] /reload global
[27/04/2020 18:10] /reload global
[27/04/2020 18:11] /reload actions
[27/04/2020 18:12] /reload actions
[27/04/2020 18:18] /reload global
[27/04/2020 18:18] /reload actions
[27/04/2020 18:18] /reload global
[27/04/2020 18:22] /reload actions
[27/04/2020 18:23] /reload global
[27/04/2020 18:23] /reload global
[27/04/2020 18:24] /reload actions
[27/04/2020 18:24] /reload global
[27/04/2020 18:25] /reload global
[27/04/2020 18:26] /reload actions
[27/04/2020 18:27] /reload actions
[27/04/2020 18:27] /reload global
[27/04/2020 18:27] /reload global
[27/04/2020 18:28] /reload global
[27/04/2020 18:28] /reload actions
[27/04/2020 18:30] /reload actions
[27/04/2020 18:30] /reload globalevents
[27/04/2020 18:31] /reload global
[27/04/2020 18:35] /reload actions
[27/04/2020 18:35] /reload global
[27/04/2020 18:38] /reload global
[27/04/2020 18:39] /reload global
[27/04/2020 18:44] /reload global
[27/04/2020 18:44] /reload global
[27/04/2020 18:52] /reload global
[27/04/2020 18:52] /reload actions
[27/04/2020 18:52] /reload global
[27/04/2020 18:52] /reload actions
[27/04/2020 18:53] /reload global
[27/04/2020 18:53] /reload actions
[27/04/2020 18:54] /reload global
[27/04/2020 18:55] /reload actions
[27/04/2020 18:55] /reload global
[27/04/2020 18:56] /reload global
[27/04/2020 18:56] /reload actions
[27/04/2020 19:02] /reload global
[27/04/2020 19:02] /reload actions
[27/04/2020 19:03] /reload actions
[27/04/2020 19:03] /reload global
[27/04/2020 19:03] /reload actions
[27/04/2020 19:03] /reload global
[27/04/2020 19:04] /reload global
[27/04/2020 19:04] /reload global
[27/04/2020 19:04] /reload actions
[27/04/2020 19:04] /reload global
[27/04/2020 19:04] /reload global
[27/04/2020 19:04] /reload actions
[27/04/2020 19:07] /reload global
[27/04/2020 19:07] /reload actions
[27/04/2020 19:11] /reload global
[27/04/2020 19:11] /reload actions
[27/04/2020 19:12] /reload global
[27/04/2020 19:12] /reload actions
[27/04/2020 19:13] /reload global
[27/04/2020 19:13] /reload actions
[27/04/2020 19:14] /reload global
[27/04/2020 19:14] /reload actions
[27/04/2020 19:15] /reload global
[27/04/2020 19:15] /reload actions
[27/04/2020 19:18] /reload global
[27/04/2020 19:18] /reload actions
[27/04/2020 19:19] /reload actions
[27/04/2020 19:19] /reload global
[27/04/2020 19:19] /reload actions
[27/04/2020 19:22] /reload global
[27/04/2020 19:22] /reload actions
[27/04/2020 19:24] /reload global
[27/04/2020 19:24] /reload actions
[27/04/2020 19:25] /reload actions
[27/04/2020 19:25] /reload global
[27/04/2020 19:26] /reload global
[27/04/2020 19:26] /reload actions
[27/04/2020 19:26] /reload global
[27/04/2020 19:29] /reload global
[27/04/2020 19:29] /reload actions
[27/04/2020 19:29] /reload actions
[27/04/2020 19:29] /reload actions
[27/04/2020 19:29] /reload actions
[27/04/2020 19:36] /reload global
[27/04/2020 19:36] /reload actions
[27/04/2020 19:36] /reload global
[27/04/2020 19:41] /reload global
[27/04/2020 19:41] /reload actions
[27/04/2020 19:41] /reload global
[27/04/2020 19:41] /reload actions
[27/04/2020 19:41] /reload global
[27/04/2020 19:44] /reload global
[27/04/2020 19:51] /reload actions
[27/04/2020 19:51] /reload global
[27/04/2020 19:53] /reload global
[27/04/2020 19:53] /reload global
[27/04/2020 19:54] /reload global
[27/04/2020 19:54] /reload actions
[27/04/2020 19:54] /reload actions
[27/04/2020 19:54] /reload global
[27/04/2020 19:54] /reload global
[27/04/2020 19:54] /reload actions
[27/04/2020 19:55] /reload global
[27/04/2020 19:55] /reload actions
[27/04/2020 19:55] /reload global
[27/04/2020 19:55] /reload actions
[27/04/2020 19:57] /reload global
[27/04/2020 19:57] /reload actions
[28/04/2020 14:06] /reload talkactions
[28/04/2020 20:34] /reload monster
[28/04/2020 21:59] /reload creaturescripts
[29/04/2020 12:49] /reload actions
[29/04/2020 12:49] /reload global
[29/04/2020 12:50] /reload global
[29/04/2020 12:52] /reload global
[29/04/2020 12:52] /reload actions
[29/04/2020 12:53] /reload actions
[29/04/2020 12:55] /reload global
[29/04/2020 12:56] /reload actions
