[12/10/2020 18:56] /reload actions
[12/10/2020 19:18] /reload actions
[12/10/2020 20:22] /reload npcs
[12/10/2020 20:26] /reload npcs
[12/10/2020 20:29] /reload npcs
[12/10/2020 20:31] /reload npcs
[12/10/2020 20:33] /reload actions
[12/10/2020 20:35] /reload monster
[12/10/2020 20:40] /reload actions
[12/10/2020 20:40] /reload actions
[12/10/2020 20:42] /reload actions
[12/10/2020 20:42] /reload actions
[12/10/2020 21:39] /reload talkactions
[12/10/2020 21:44] /reload talakctions
[12/10/2020 21:44] /reload talkactions
[12/10/2020 21:46] /reload talkactions
[12/10/2020 21:46] /reload talkactions
[12/10/2020 21:48] /reload talkactions
[12/10/2020 21:52] /reload talkactions
[12/10/2020 21:54] /reload talkactions
[12/10/2020 21:57] /reload talkactions
[12/10/2020 22:01] /reload talkactions
[12/10/2020 22:03] /reload talkactions
[12/10/2020 22:04] /reload talkactions
[12/10/2020 22:05] /reload talkactions
[12/10/2020 22:06] /reload talkactions
[12/10/2020 22:06] /reload talkactions
[12/10/2020 22:06] /reload talkactions
[12/10/2020 22:09] /reload talkactions
[12/10/2020 22:10] /reload talkactions
[12/10/2020 22:11] /reload talkactions
[12/10/2020 22:11] /reload talkactions
[12/10/2020 22:11] /reload talkactions
[12/10/2020 22:11] /reload talkactions
[12/10/2020 22:12] /reload talkactions
[12/10/2020 22:13] /reload talkactions
[12/10/2020 22:13] /reload talkactions
[12/10/2020 22:14] /reload talkactions
[12/10/2020 22:15] /reload talkactions
[12/10/2020 22:17] /reload talkactions
[12/10/2020 22:18] /reload talkactions
[12/10/2020 22:19] /reload talkactions
[12/10/2020 22:21] /reload talkactions
[12/10/2020 22:23] /reload talkactions
[12/10/2020 22:23] /reload talkactions
[12/10/2020 22:24] /reload talkactions
[12/10/2020 22:27] /reload talkactions
[12/10/2020 22:27] /reload talkactions
[12/10/2020 22:28] /reload talkactions
[12/10/2020 22:28] /reload talkactions
[12/10/2020 22:29] /reload talkactions
[12/10/2020 22:29] /reload talkactions
[12/10/2020 22:32] /reload talkactions
[12/10/2020 22:32] /reload talkactions
[12/10/2020 22:32] /reload talkactions
[12/10/2020 22:32] /reload talkactions
[12/10/2020 22:32] /reload talkactions
[12/10/2020 22:33] /reload talkactions
[12/10/2020 23:07] /reload talkactions
[12/10/2020 23:07] /reload talkactions
[12/10/2020 23:09] /reload talkactions
[12/10/2020 23:09] /reload talkactions
[12/10/2020 23:25] /reload events
[12/10/2020 23:25] /reload talkactions
[12/10/2020 23:26] /reload talkactions
[12/10/2020 23:27] /reload talkactions
[12/10/2020 23:28] /reload talkactions
[12/10/2020 23:37] /reload actions
[12/10/2020 23:41] /reload actions
[12/10/2020 23:43] /reload creaturescripts
[12/10/2020 23:43] /reload creaturescripts
[12/10/2020 23:44] /reload actions
[12/10/2020 23:46] /reload actions
[12/10/2020 23:47] /reload npcs
[12/10/2020 23:48] /reload npcs
[12/10/2020 23:49] /reload npcs
[12/10/2020 23:54] /reload npcs
[13/10/2020 00:02] /reload talkactions
[13/10/2020 00:07] /reload talkactions
[13/10/2020 12:40] /reload talkactions
[13/10/2020 12:41] /reload talkactions
[13/10/2020 12:41] /reload talkactions
[13/10/2020 12:42] /reload talkactions
[13/10/2020 12:43] /reload talkactions
[13/10/2020 12:43] /reload talkactions
[13/10/2020 12:43] /reload talkactions
[13/10/2020 12:44] /reload talkactions
[13/10/2020 12:46] /reload talkactions
[13/10/2020 12:46] /reload talkactions
[13/10/2020 12:46] /reload talkactions
[13/10/2020 12:46] /reload talkactions
[13/10/2020 12:48] /reload talkactions
[13/10/2020 12:48] /reload talkactions
[13/10/2020 12:48] /reload talkactions
[13/10/2020 12:49] /reload talkactions
[13/10/2020 12:49] /reload talkactions
[13/10/2020 12:54] /reload talkactions
[13/10/2020 12:57] /reload talkactions
[13/10/2020 12:57] /reload talkactions
[13/10/2020 12:57] /reload talkactions
[13/10/2020 12:58] /reload talkactions
[13/10/2020 13:00] /reload talkactions
[13/10/2020 13:06] /reload talkactions
[13/10/2020 13:06] /reload talkactions
[13/10/2020 13:07] /reload talkactions
[13/10/2020 13:07] /reload talkactions
[13/10/2020 13:08] /reload talkactions
[13/10/2020 13:08] /reload talkactions
[13/10/2020 13:08] /reload talkactions
[13/10/2020 13:08] /reload talkactions
[13/10/2020 13:08] /reload talkactions
[13/10/2020 13:09] /reload talkactions
[13/10/2020 13:09] /reload talkactions
[13/10/2020 13:09] /reload talkactions
[13/10/2020 13:09] /reload talkactions
[13/10/2020 13:10] /reload talkactions
[13/10/2020 13:10] /reload talkactions
[13/10/2020 13:11] /reload talkactions
[13/10/2020 13:11] /reload talkactions
[13/10/2020 13:11] /reload talkactions
[13/10/2020 13:12] /reload talkactions
[13/10/2020 13:12] /reload talkactions
[13/10/2020 13:12] /reload talkactions
[13/10/2020 13:12] /reload talkactions
[13/10/2020 13:13] /reload talkactions
[13/10/2020 13:13] /reload talkactions
[13/10/2020 13:13] /reload talkactions
[13/10/2020 13:14] /reload talkactions
[13/10/2020 13:14] /reload talkactions
[13/10/2020 13:15] /reload talkactions
[13/10/2020 13:15] /reload talkactions
[13/10/2020 13:17] /reload talkactions
[13/10/2020 13:20] /reload talkactions
[13/10/2020 13:22] /reload talkactions
[13/10/2020 13:23] /reload talkactions
[13/10/2020 13:23] /reload talkactions
[13/10/2020 13:25] /reload talkactions
[13/10/2020 13:25] /reload talkactions
[13/10/2020 13:26] /reload talkactions
[13/10/2020 13:31] /reload talkactions
[13/10/2020 13:31] /reload talkactions
[13/10/2020 13:31] /reload talkactions
[13/10/2020 13:31] /reload talkactions
[13/10/2020 13:31] /reload talkactions
[13/10/2020 13:32] /reload talkactions
[13/10/2020 13:33] /reload talkactions
[13/10/2020 13:33] /reload talkactions
[13/10/2020 13:33] /reload talkactions
[13/10/2020 13:33] /reload talkactions
[13/10/2020 13:34] /reload talkactions
[13/10/2020 13:34] /reload talkactions
[13/10/2020 13:34] /reload talkactions
[13/10/2020 13:34] /reload talkactions
[13/10/2020 13:34] /reload talkactions
[13/10/2020 13:35] /reload talkactions
[13/10/2020 13:39] /reload talkactions
[13/10/2020 13:39] /reload talkactions
[13/10/2020 13:39] /reload talkactions
[13/10/2020 13:40] /reload talkactions
[13/10/2020 13:40] /reload talkactions
[13/10/2020 13:40] /reload talkactions
[13/10/2020 13:41] /reload talkactions
[13/10/2020 13:41] /reload talkactions
[13/10/2020 13:42] /reload talkactions
[13/10/2020 13:42] /reload talkactions
[13/10/2020 13:42] /reload talkactions
[13/10/2020 13:42] /reload talkactions
[13/10/2020 13:42] /reload talkactions
[13/10/2020 13:43] /reload talkactions
[13/10/2020 13:43] /reload talkactions
[13/10/2020 13:43] /reload talkactions
[13/10/2020 13:43] /reload talkactions
[13/10/2020 13:43] /reload talkactions
[13/10/2020 13:43] /reload talkactions
[13/10/2020 13:43] /reload talkactions
[13/10/2020 13:43] /reload talkactions
[13/10/2020 13:43] /reload talkactions
[13/10/2020 13:44] /reload talkactions
[13/10/2020 13:44] /reload talkactions
[13/10/2020 13:45] /reload talkactions
[13/10/2020 13:45] /reload talkactions
[13/10/2020 13:45] /reload talkactions
[13/10/2020 13:45] /reload talkactions
[13/10/2020 13:45] /reload talkactions
[13/10/2020 13:53] /reload spells
[13/10/2020 13:54] /reload spells
[13/10/2020 13:56] /reload monster
[13/10/2020 13:56] /reload spells
[13/10/2020 13:56] /reload monster
[13/10/2020 13:57] /reload monster
[13/10/2020 14:02] /reload talkactions
[13/10/2020 14:04] /reload talkactions
[13/10/2020 14:06] /reload talkactions
[13/10/2020 14:08] /reload talkactions
[13/10/2020 14:08] /reload talkactions
[13/10/2020 14:09] /reload talkactions
[13/10/2020 21:22] /reload config
[13/10/2020 21:25] /reload config
[13/10/2020 21:25] /reload config
[13/10/2020 21:26] /reload config
[13/10/2020 22:13] /reload actions
[13/10/2020 22:14] /reload actions
[13/10/2020 23:25] /reload monster
[13/10/2020 23:54] /reload npcs
[14/10/2020 00:08] /reload creaturescripts
[14/10/2020 00:10] /reload creaturescripts
[14/10/2020 00:11] /reload creaturescripts
[14/10/2020 00:17] /reload actions
[14/10/2020 00:18] /reload actions
[14/10/2020 00:19] /reload creaturescripts
[14/10/2020 00:21] /reload actions
[14/10/2020 00:21] /reload actions
[14/10/2020 00:22] /reload actions
[14/10/2020 00:22] /reload actions
[14/10/2020 00:22] /reload actions
[14/10/2020 00:27] /reload creaturescripts
[14/10/2020 00:27] /reload creaturescripts
[14/10/2020 00:29] /reload actions
[14/10/2020 00:32] /reload actions
[14/10/2020 00:38] /reload npcs
[14/10/2020 00:39] /reload npcs
[14/10/2020 00:39] /reload npcs
[14/10/2020 14:08] /reload actions
[14/10/2020 14:08] /reload config,
[14/10/2020 14:08] /reload config
[14/10/2020 14:08] /reload config
[14/10/2020 14:08] /reload config
[14/10/2020 14:08] /reload config
[14/10/2020 14:08] /reload config
[14/10/2020 14:09] /reload config
[14/10/2020 14:09] /reload config
[14/10/2020 14:09] /reload config
[14/10/2020 14:09] /reload config
[14/10/2020 14:09] /reload config
[14/10/2020 14:10] /reload config
[14/10/2020 14:10] /reload config
[14/10/2020 14:12] /reload config
[14/10/2020 14:12] /reload config
[14/10/2020 14:12] /reload config
[14/10/2020 14:14] /reload config
[14/10/2020 14:14] /reload config
[14/10/2020 14:15] /reload config
[14/10/2020 14:15] /reload config
[14/10/2020 14:15] /reload config
[14/10/2020 14:15] /reload config
[14/10/2020 14:16] /reload config
[14/10/2020 14:28] /reload talkactions
[14/10/2020 14:29] /reload events
[14/10/2020 14:42] /reload events
[14/10/2020 14:43] /reload config
[14/10/2020 14:43] /reload config
[14/10/2020 14:44] /reload config
[14/10/2020 15:11] /reload config
[14/10/2020 15:12] /reload config
[14/10/2020 15:14] /reload config
[14/10/2020 15:15] /reload config
[14/10/2020 15:29] /reload events
[14/10/2020 15:29] /reload creaturescripts
[14/10/2020 15:30] /reload creaturescripts
[14/10/2020 15:30] /reload creaturescripts
[14/10/2020 15:31] /reload events
[14/10/2020 15:31] /reload events
[14/10/2020 15:31] /reload creaturescripts
[14/10/2020 15:33] /reload creaturescripts
[14/10/2020 15:34] /reload creaturescripts
[14/10/2020 15:34] /reload creaturescripts
[14/10/2020 15:34] /reload creaturescripts
[14/10/2020 15:34] /reload creaturescripts
[14/10/2020 15:35] /reload creaturescripts
[14/10/2020 15:35] /reload creaturescripts
[14/10/2020 15:35] /reload creaturescripts
[14/10/2020 16:24] /reload config
[14/10/2020 16:25] /reload config
[14/10/2020 17:35] /reload creaturescripts
[14/10/2020 17:36] /reload creaturescripts
[14/10/2020 17:37] /reload creaturescripts
[14/10/2020 17:38] /reload creaturescripts
[14/10/2020 17:38] /reload creaturescripts
[14/10/2020 17:39] /reload events
[14/10/2020 17:39] /reload creaturescripts
[14/10/2020 17:41] /reload events
[14/10/2020 18:18] /reload talkactions
[15/10/2020 12:53] /reload events
[15/10/2020 13:00] /reload talkactions
[15/10/2020 13:02] /reload talkactions
[15/10/2020 13:02] /reload talkactions
[15/10/2020 13:02] /reload talkactions
[15/10/2020 13:03] /reload talkactions
[15/10/2020 13:03] /reload talkactions
[15/10/2020 13:04] /reload talkactions
[15/10/2020 13:04] /reload talkactions
[15/10/2020 13:04] /reload talkactions
[15/10/2020 13:04] /reload talkactions
[15/10/2020 13:05] /reload talkactions
[15/10/2020 13:05] /reload talkactions
[15/10/2020 13:06] /reload talkactions
[15/10/2020 13:06] /reload talkactions
[15/10/2020 13:07] /reload talkactions
[15/10/2020 13:07] /reload talkactions
[15/10/2020 13:07] /reload talkactions
[15/10/2020 13:08] /reload talkactions
[15/10/2020 13:09] /reload talkactions
[15/10/2020 13:11] /reload talkactions
[15/10/2020 13:11] /reload talkactions
[15/10/2020 13:11] /reload talkactions
[15/10/2020 13:11] /reload talkactions
[15/10/2020 19:23] /reload talkactions
[15/10/2020 19:24] /reload talkactions
[15/10/2020 19:25] /reload talkactions
[15/10/2020 19:26] /reload talkactions
[15/10/2020 19:28] /reload talkactions
[15/10/2020 19:30] /reload talkactions
[15/10/2020 19:37] /reload talkactions
[15/10/2020 19:40] /reload talkactions
[15/10/2020 19:40] /reload talkactions
[15/10/2020 19:45] /reload talkactions
[15/10/2020 19:45] /reload talkactions
[15/10/2020 19:46] /reload talkactions
[15/10/2020 19:47] /reload talkactions
[15/10/2020 19:48] /reload talkactions
[15/10/2020 19:48] /reload talkactions
[15/10/2020 19:48] /reload talkactions
[15/10/2020 19:49] /reload talkactions
[15/10/2020 19:50] /reload talkactions
[15/10/2020 19:52] /reload talkactions
[18/10/2020 12:15] /reload npc
[18/10/2020 12:23] /reload npcs
[18/10/2020 12:25] /reload npcs
[19/10/2020 13:53] /reload globalevents
[19/10/2020 13:53] /reload globalevents
[19/10/2020 18:58] /reload npcs
[19/10/2020 19:00] /reload npcs
[19/10/2020 19:00] /reload events
[19/10/2020 19:01] /reload events
[19/10/2020 19:02] /reload events
[19/10/2020 19:02] /reload events
[19/10/2020 19:02] /reload events
[19/10/2020 22:31] /reload monster
[19/10/2020 22:31] /reload npcs
[19/10/2020 22:31] /reload npcs
[19/10/2020 22:33] /reload npcs
[19/10/2020 22:36] /reload globalevents
